{"D:\\study\\SE\\deploy\\cloud-frontend\\middleware.js": {"path":"D:\\study\\SE\\deploy\\cloud-frontend\\middleware.js","statementMap":{"0":{"start":{"line":34,"column":13},"end":{"line":34,"column":19}},"1":{"start":{"line":3,"column":16},"end":{"line":3,"column":26}},"2":{"start":{"line":1,"column":29},"end":{"line":1,"column":null}},"3":{"start":{"line":4,"column":25},"end":{"line":4,"column":40}},"4":{"start":{"line":7,"column":18},"end":{"line":7,"column":null}},"5":{"start":{"line":10,"column":28},"end":{"line":10,"column":null}},"6":{"start":{"line":11,"column":29},"end":{"line":11,"column":null}},"7":{"start":{"line":11,"column":59},"end":{"line":11,"column":null}},"8":{"start":{"line":14,"column":25},"end":{"line":14,"column":null}},"9":{"start":{"line":15,"column":26},"end":{"line":15,"column":null}},"10":{"start":{"line":17,"column":4},"end":{"line":22,"column":null}},"11":{"start":{"line":19,"column":8},"end":{"line":19,"column":null}},"12":{"start":{"line":20,"column":25},"end":{"line":20,"column":null}},"13":{"start":{"line":21,"column":8},"end":{"line":21,"column":null}},"14":{"start":{"line":25,"column":4},"end":{"line":29,"column":null}},"15":{"start":{"line":26,"column":8},"end":{"line":26,"column":null}},"16":{"start":{"line":27,"column":29},"end":{"line":27,"column":null}},"17":{"start":{"line":28,"column":8},"end":{"line":28,"column":null}},"18":{"start":{"line":31,"column":4},"end":{"line":31,"column":null}},"19":{"start":{"line":34,"column":22},"end":{"line":43,"column":null}}},"fnMap":{"0":{"name":"middleware","decl":{"start":{"line":3,"column":16},"end":{"line":3,"column":26}},"loc":{"start":{"line":3,"column":34},"end":{"line":32,"column":null}}},"1":{"name":"(anonymous_4)","decl":{"start":{"line":11,"column":50},"end":{"line":11,"column":59}},"loc":{"start":{"line":11,"column":59},"end":{"line":11,"column":null}}}},"branchMap":{"0":{"loc":{"start":{"line":17,"column":4},"end":{"line":22,"column":null}},"type":"if","locations":[{"start":{"line":17,"column":4},"end":{"line":22,"column":null}},{"start":{},"end":{}}]},"1":{"loc":{"start":{"line":17,"column":8},"end":{"line":17,"column":36}},"type":"binary-expr","locations":[{"start":{"line":17,"column":8},"end":{"line":17,"column":28}},{"start":{"line":17,"column":28},"end":{"line":17,"column":36}}]},"2":{"loc":{"start":{"line":25,"column":4},"end":{"line":29,"column":null}},"type":"if","locations":[{"start":{"line":25,"column":4},"end":{"line":29,"column":null}},{"start":{},"end":{}}]},"3":{"loc":{"start":{"line":25,"column":8},"end":{"line":25,"column":70}},"type":"binary-expr","locations":[{"start":{"line":25,"column":8},"end":{"line":25,"column":18}},{"start":{"line":25,"column":18},"end":{"line":25,"column":43}},{"start":{"line":25,"column":43},"end":{"line":25,"column":66}}]}},"s":{"0":0,"1":0,"2":0,"3":0,"4":0,"5":0,"6":0,"7":0,"8":0,"9":0,"10":0,"11":0,"12":0,"13":0,"14":0,"15":0,"16":0,"17":0,"18":0,"19":0},"f":{"0":0,"1":0},"b":{"0":[0,0],"1":[0,0],"2":[0,0],"3":[0,0,0]}}
,"D:\\study\\SE\\deploy\\cloud-frontend\\app\\page.js": {"path":"D:\\study\\SE\\deploy\\cloud-frontend\\app\\page.js","statementMap":{"0":{"start":{"line":6,"column":24},"end":{"line":6,"column":null}},"1":{"start":{"line":3,"column":26},"end":{"line":3,"column":null}},"2":{"start":{"line":4,"column":26},"end":{"line":4,"column":null}},"3":{"start":{"line":7,"column":19},"end":{"line":7,"column":null}},"4":{"start":{"line":9,"column":4},"end":{"line":12,"column":null}},"5":{"start":{"line":11,"column":8},"end":{"line":11,"column":null}}},"fnMap":{"0":{"name":"Home","decl":{"start":{"line":6,"column":24},"end":{"line":6,"column":null}},"loc":{"start":{"line":6,"column":24},"end":{"line":19,"column":null}}},"1":{"name":"(anonymous_2)","decl":{"start":{"line":9,"column":14},"end":{"line":9,"column":null}},"loc":{"start":{"line":9,"column":14},"end":{"line":12,"column":7}}}},"branchMap":{},"s":{"0":0,"1":0,"2":0,"3":0,"4":0,"5":0},"f":{"0":0,"1":0},"b":{}}
,"D:\\study\\SE\\deploy\\cloud-frontend\\app\\admin\\dashboard\\page.js": {"path":"D:\\study\\SE\\deploy\\cloud-frontend\\app\\admin\\dashboard\\page.js","statementMap":{"0":{"start":{"line":31,"column":24},"end":{"line":31,"column":null}},"1":{"start":{"line":3,"column":43},"end":{"line":3,"column":null}},"2":{"start":{"line":4,"column":40},"end":{"line":4,"column":null}},"3":{"start":{"line":16,"column":7},"end":{"line":16,"column":null}},"4":{"start":{"line":17,"column":26},"end":{"line":17,"column":null}},"5":{"start":{"line":20,"column":21},"end":{"line":20,"column":null}},"6":{"start":{"line":23,"column":18},"end":{"line":29,"column":null}},"7":{"start":{"line":24,"column":4},"end":{"line":24,"column":null}},"8":{"start":{"line":24,"column":41},"end":{"line":24,"column":null}},"9":{"start":{"line":25,"column":18},"end":{"line":25,"column":40}},"10":{"start":{"line":26,"column":18},"end":{"line":26,"column":null}},"11":{"start":{"line":27,"column":4},"end":{"line":27,"column":null}},"12":{"start":{"line":27,"column":28},"end":{"line":27,"column":null}},"13":{"start":{"line":28,"column":4},"end":{"line":28,"column":null}},"14":{"start":{"line":32,"column":38},"end":{"line":32,"column":null}},"15":{"start":{"line":33,"column":30},"end":{"line":33,"column":null}},"16":{"start":{"line":34,"column":50},"end":{"line":34,"column":null}},"17":{"start":{"line":35,"column":38},"end":{"line":35,"column":null}},"18":{"start":{"line":36,"column":38},"end":{"line":36,"column":null}},"19":{"start":{"line":37,"column":19},"end":{"line":37,"column":null}},"20":{"start":{"line":40,"column":4},"end":{"line":116,"column":null}},"21":{"start":{"line":41,"column":39},"end":{"line":87,"column":null}},"22":{"start":{"line":42,"column":12},"end":{"line":86,"column":null}},"23":{"start":{"line":43,"column":16},"end":{"line":43,"column":null}},"24":{"start":{"line":46,"column":30},"end":{"line":46,"column":null}},"25":{"start":{"line":47,"column":16},"end":{"line":52,"column":null}},"26":{"start":{"line":48,"column":20},"end":{"line":48,"column":null}},"27":{"start":{"line":49,"column":20},"end":{"line":49,"column":null}},"28":{"start":{"line":50,"column":20},"end":{"line":50,"column":null}},"29":{"start":{"line":51,"column":20},"end":{"line":51,"column":null}},"30":{"start":{"line":55,"column":32},"end":{"line":61,"column":null}},"31":{"start":{"line":63,"column":16},"end":{"line":79,"column":null}},"32":{"start":{"line":64,"column":37},"end":{"line":64,"column":null}},"33":{"start":{"line":65,"column":20},"end":{"line":72,"column":null}},"34":{"start":{"line":66,"column":24},"end":{"line":66,"column":null}},"35":{"start":{"line":68,"column":24},"end":{"line":68,"column":null}},"36":{"start":{"line":70,"column":24},"end":{"line":70,"column":null}},"37":{"start":{"line":71,"column":24},"end":{"line":71,"column":null}},"38":{"start":{"line":74,"column":20},"end":{"line":74,"column":null}},"39":{"start":{"line":75,"column":20},"end":{"line":75,"column":null}},"40":{"start":{"line":77,"column":20},"end":{"line":77,"column":null}},"41":{"start":{"line":78,"column":20},"end":{"line":78,"column":null}},"42":{"start":{"line":81,"column":16},"end":{"line":81,"column":null}},"43":{"start":{"line":82,"column":16},"end":{"line":82,"column":null}},"44":{"start":{"line":83,"column":16},"end":{"line":83,"column":null}},"45":{"start":{"line":85,"column":16},"end":{"line":85,"column":null}},"46":{"start":{"line":89,"column":27},"end":{"line":113,"column":null}},"47":{"start":{"line":90,"column":12},"end":{"line":112,"column":null}},"48":{"start":{"line":91,"column":30},"end":{"line":91,"column":null}},"49":{"start":{"line":92,"column":28},"end":{"line":98,"column":null}},"50":{"start":{"line":99,"column":16},"end":{"line":109,"column":null}},"51":{"start":{"line":100,"column":20},"end":{"line":100,"column":null}},"52":{"start":{"line":102,"column":20},"end":{"line":102,"column":null}},"53":{"start":{"line":104,"column":20},"end":{"line":108,"column":null}},"54":{"start":{"line":105,"column":24},"end":{"line":105,"column":null}},"55":{"start":{"line":106,"column":24},"end":{"line":106,"column":null}},"56":{"start":{"line":107,"column":24},"end":{"line":107,"column":null}},"57":{"start":{"line":111,"column":16},"end":{"line":111,"column":null}},"58":{"start":{"line":115,"column":8},"end":{"line":115,"column":null}},"59":{"start":{"line":119,"column":4},"end":{"line":155,"column":null}},"60":{"start":{"line":120,"column":8},"end":{"line":120,"column":null}},"61":{"start":{"line":120,"column":30},"end":{"line":120,"column":null}},"62":{"start":{"line":122,"column":34},"end":{"line":152,"column":20}},"63":{"start":{"line":123,"column":12},"end":{"line":151,"column":null}},"64":{"start":{"line":124,"column":30},"end":{"line":124,"column":null}},"65":{"start":{"line":125,"column":16},"end":{"line":132,"column":null}},"66":{"start":{"line":126,"column":20},"end":{"line":126,"column":null}},"67":{"start":{"line":127,"column":20},"end":{"line":127,"column":null}},"68":{"start":{"line":128,"column":20},"end":{"line":128,"column":null}},"69":{"start":{"line":129,"column":20},"end":{"line":129,"column":null}},"70":{"start":{"line":130,"column":20},"end":{"line":130,"column":null}},"71":{"start":{"line":131,"column":20},"end":{"line":131,"column":null}},"72":{"start":{"line":134,"column":32},"end":{"line":140,"column":null}},"73":{"start":{"line":142,"column":16},"end":{"line":148,"column":null}},"74":{"start":{"line":143,"column":20},"end":{"line":143,"column":null}},"75":{"start":{"line":144,"column":20},"end":{"line":144,"column":null}},"76":{"start":{"line":145,"column":20},"end":{"line":145,"column":null}},"77":{"start":{"line":146,"column":20},"end":{"line":146,"column":null}},"78":{"start":{"line":147,"column":20},"end":{"line":147,"column":null}},"79":{"start":{"line":150,"column":16},"end":{"line":150,"column":null}},"80":{"start":{"line":154,"column":8},"end":{"line":154,"column":null}},"81":{"start":{"line":154,"column":21},"end":{"line":154,"column":null}},"82":{"start":{"line":158,"column":4},"end":{"line":168,"column":null}},"83":{"start":{"line":171,"column":4},"end":{"line":182,"column":null}},"84":{"start":{"line":202,"column":39},"end":{"line":202,"column":null}},"85":{"start":{"line":208,"column":39},"end":{"line":208,"column":null}},"86":{"start":{"line":214,"column":39},"end":{"line":214,"column":null}},"87":{"start":{"line":271,"column":27},"end":{"line":395,"column":null}},"88":{"start":{"line":272,"column":34},"end":{"line":272,"column":null}},"89":{"start":{"line":275,"column":27},"end":{"line":280,"column":null}},"90":{"start":{"line":276,"column":20},"end":{"line":276,"column":null}},"91":{"start":{"line":277,"column":8},"end":{"line":277,"column":46}},"92":{"start":{"line":278,"column":20},"end":{"line":278,"column":null}},"93":{"start":{"line":278,"column":27},"end":{"line":278,"column":null}},"94":{"start":{"line":279,"column":8},"end":{"line":279,"column":null}},"95":{"start":{"line":282,"column":36},"end":{"line":284,"column":null}},"96":{"start":{"line":286,"column":25},"end":{"line":324,"column":null}},"97":{"start":{"line":287,"column":8},"end":{"line":287,"column":null}},"98":{"start":{"line":288,"column":8},"end":{"line":288,"column":null}},"99":{"start":{"line":289,"column":22},"end":{"line":289,"column":null}},"100":{"start":{"line":291,"column":8},"end":{"line":322,"column":null}},"101":{"start":{"line":292,"column":24},"end":{"line":304,"column":null}},"102":{"start":{"line":306,"column":25},"end":{"line":306,"column":null}},"103":{"start":{"line":308,"column":12},"end":{"line":321,"column":null}},"104":{"start":{"line":309,"column":16},"end":{"line":309,"column":null}},"105":{"start":{"line":311,"column":16},"end":{"line":315,"column":null}},"106":{"start":{"line":312,"column":20},"end":{"line":314,"column":null}},"107":{"start":{"line":318,"column":33},"end":{"line":318,"column":null}},"108":{"start":{"line":319,"column":37},"end":{"line":319,"column":null}},"109":{"start":{"line":320,"column":16},"end":{"line":320,"column":null}},"110":{"start":{"line":322,"column":24},"end":{"line":322,"column":61}},"111":{"start":{"line":323,"column":8},"end":{"line":323,"column":null}},"112":{"start":{"line":340,"column":41},"end":{"line":340,"column":null}},"113":{"start":{"line":349,"column":41},"end":{"line":349,"column":null}},"114":{"start":{"line":357,"column":41},"end":{"line":357,"column":null}},"115":{"start":{"line":372,"column":41},"end":{"line":372,"column":null}},"116":{"start":{"line":384,"column":41},"end":{"line":384,"column":null}},"117":{"start":{"line":398,"column":25},"end":{"line":549,"column":null}},"118":{"start":{"line":399,"column":38},"end":{"line":399,"column":null}},"119":{"start":{"line":400,"column":34},"end":{"line":400,"column":null}},"120":{"start":{"line":401,"column":36},"end":{"line":403,"column":null}},"121":{"start":{"line":406,"column":4},"end":{"line":426,"column":null}},"122":{"start":{"line":407,"column":31},"end":{"line":424,"column":null}},"123":{"start":{"line":408,"column":26},"end":{"line":408,"column":null}},"124":{"start":{"line":409,"column":24},"end":{"line":415,"column":null}},"125":{"start":{"line":416,"column":12},"end":{"line":423,"column":null}},"126":{"start":{"line":417,"column":37},"end":{"line":417,"column":null}},"127":{"start":{"line":419,"column":40},"end":{"line":420,"column":null}},"128":{"start":{"line":420,"column":20},"end":{"line":420,"column":null}},"129":{"start":{"line":422,"column":16},"end":{"line":422,"column":null}},"130":{"start":{"line":425,"column":8},"end":{"line":425,"column":null}},"131":{"start":{"line":428,"column":25},"end":{"line":470,"column":null}},"132":{"start":{"line":429,"column":8},"end":{"line":429,"column":null}},"133":{"start":{"line":430,"column":8},"end":{"line":430,"column":null}},"134":{"start":{"line":431,"column":22},"end":{"line":431,"column":null}},"135":{"start":{"line":434,"column":24},"end":{"line":437,"column":null}},"136":{"start":{"line":436,"column":65},"end":{"line":436,"column":null}},"137":{"start":{"line":439,"column":8},"end":{"line":468,"column":null}},"138":{"start":{"line":440,"column":24},"end":{"line":448,"column":null}},"139":{"start":{"line":450,"column":25},"end":{"line":450,"column":null}},"140":{"start":{"line":452,"column":12},"end":{"line":464,"column":null}},"141":{"start":{"line":453,"column":16},"end":{"line":453,"column":null}},"142":{"start":{"line":455,"column":16},"end":{"line":459,"column":null}},"143":{"start":{"line":456,"column":20},"end":{"line":458,"column":null}},"144":{"start":{"line":461,"column":33},"end":{"line":461,"column":null}},"145":{"start":{"line":462,"column":37},"end":{"line":462,"column":null}},"146":{"start":{"line":463,"column":16},"end":{"line":463,"column":null}},"147":{"start":{"line":466,"column":12},"end":{"line":466,"column":null}},"148":{"start":{"line":467,"column":12},"end":{"line":467,"column":null}},"149":{"start":{"line":469,"column":8},"end":{"line":469,"column":null}},"150":{"start":{"line":484,"column":41},"end":{"line":484,"column":null}},"151":{"start":{"line":488,"column":28},"end":{"line":488,"column":47}},"152":{"start":{"line":505,"column":41},"end":{"line":505,"column":null}},"153":{"start":{"line":513,"column":41},"end":{"line":513,"column":null}},"154":{"start":{"line":522,"column":41},"end":{"line":522,"column":null}},"155":{"start":{"line":528,"column":41},"end":{"line":528,"column":null}},"156":{"start":{"line":539,"column":41},"end":{"line":539,"column":null}},"157":{"start":{"line":563,"column":17},"end":{"line":582,"column":null}},"158":{"start":{"line":564,"column":19},"end":{"line":568,"column":null}}},"fnMap":{"0":{"name":"(anonymous_4)","decl":{"start":{"line":23,"column":18},"end":{"line":23,"column":19}},"loc":{"start":{"line":23,"column":19},"end":{"line":29,"column":null}}},"1":{"name":"AdminDashboard","decl":{"start":{"line":31,"column":24},"end":{"line":31,"column":null}},"loc":{"start":{"line":31,"column":24},"end":{"line":241,"column":null}}},"2":{"name":"(anonymous_6)","decl":{"start":{"line":40,"column":14},"end":{"line":40,"column":null}},"loc":{"start":{"line":40,"column":14},"end":{"line":116,"column":7}}},"3":{"name":"(anonymous_7)","decl":{"start":{"line":41,"column":39},"end":{"line":41,"column":null}},"loc":{"start":{"line":41,"column":39},"end":{"line":87,"column":null}}},"4":{"name":"(anonymous_8)","decl":{"start":{"line":89,"column":27},"end":{"line":89,"column":null}},"loc":{"start":{"line":89,"column":27},"end":{"line":113,"column":null}}},"5":{"name":"(anonymous_9)","decl":{"start":{"line":119,"column":14},"end":{"line":119,"column":null}},"loc":{"start":{"line":119,"column":14},"end":{"line":155,"column":7}}},"6":{"name":"(anonymous_10)","decl":{"start":{"line":122,"column":46},"end":{"line":122,"column":null}},"loc":{"start":{"line":122,"column":46},"end":{"line":152,"column":11}}},"7":{"name":"(anonymous_11)","decl":{"start":{"line":154,"column":15},"end":{"line":154,"column":21}},"loc":{"start":{"line":154,"column":21},"end":{"line":154,"column":null}}},"8":{"name":"(anonymous_12)","decl":{"start":{"line":202,"column":33},"end":{"line":202,"column":39}},"loc":{"start":{"line":202,"column":39},"end":{"line":202,"column":null}}},"9":{"name":"(anonymous_13)","decl":{"start":{"line":208,"column":33},"end":{"line":208,"column":39}},"loc":{"start":{"line":208,"column":39},"end":{"line":208,"column":null}}},"10":{"name":"(anonymous_14)","decl":{"start":{"line":214,"column":33},"end":{"line":214,"column":39}},"loc":{"start":{"line":214,"column":39},"end":{"line":214,"column":null}}},"11":{"name":"(anonymous_16)","decl":{"start":{"line":271,"column":27},"end":{"line":271,"column":null}},"loc":{"start":{"line":271,"column":27},"end":{"line":395,"column":null}}},"12":{"name":"(anonymous_17)","decl":{"start":{"line":275,"column":27},"end":{"line":275,"column":null}},"loc":{"start":{"line":275,"column":27},"end":{"line":280,"column":null}}},"13":{"name":"(anonymous_18)","decl":{"start":{"line":278,"column":20},"end":{"line":278,"column":21}},"loc":{"start":{"line":278,"column":27},"end":{"line":278,"column":null}}},"14":{"name":"(anonymous_19)","decl":{"start":{"line":286,"column":25},"end":{"line":286,"column":32}},"loc":{"start":{"line":286,"column":32},"end":{"line":324,"column":null}}},"15":{"name":"(anonymous_20)","decl":{"start":{"line":311,"column":27},"end":{"line":311,"column":null}},"loc":{"start":{"line":311,"column":27},"end":{"line":315,"column":19}}},"16":{"name":"(anonymous_21)","decl":{"start":{"line":340,"column":34},"end":{"line":340,"column":35}},"loc":{"start":{"line":340,"column":41},"end":{"line":340,"column":null}}},"17":{"name":"(anonymous_22)","decl":{"start":{"line":349,"column":34},"end":{"line":349,"column":35}},"loc":{"start":{"line":349,"column":41},"end":{"line":349,"column":null}}},"18":{"name":"(anonymous_23)","decl":{"start":{"line":357,"column":34},"end":{"line":357,"column":35}},"loc":{"start":{"line":357,"column":41},"end":{"line":357,"column":null}}},"19":{"name":"(anonymous_24)","decl":{"start":{"line":372,"column":34},"end":{"line":372,"column":35}},"loc":{"start":{"line":372,"column":41},"end":{"line":372,"column":null}}},"20":{"name":"(anonymous_25)","decl":{"start":{"line":384,"column":34},"end":{"line":384,"column":35}},"loc":{"start":{"line":384,"column":41},"end":{"line":384,"column":null}}},"21":{"name":"(anonymous_26)","decl":{"start":{"line":398,"column":25},"end":{"line":398,"column":null}},"loc":{"start":{"line":398,"column":25},"end":{"line":549,"column":null}}},"22":{"name":"(anonymous_27)","decl":{"start":{"line":406,"column":14},"end":{"line":406,"column":null}},"loc":{"start":{"line":406,"column":14},"end":{"line":426,"column":7}}},"23":{"name":"(anonymous_28)","decl":{"start":{"line":407,"column":31},"end":{"line":407,"column":null}},"loc":{"start":{"line":407,"column":31},"end":{"line":424,"column":null}}},"24":{"name":"(anonymous_29)","decl":{"start":{"line":419,"column":60},"end":{"line":419,"column":null}},"loc":{"start":{"line":420,"column":20},"end":{"line":420,"column":null}}},"25":{"name":"(anonymous_30)","decl":{"start":{"line":428,"column":25},"end":{"line":428,"column":32}},"loc":{"start":{"line":428,"column":32},"end":{"line":470,"column":null}}},"26":{"name":"(anonymous_31)","decl":{"start":{"line":436,"column":57},"end":{"line":436,"column":65}},"loc":{"start":{"line":436,"column":65},"end":{"line":436,"column":null}}},"27":{"name":"(anonymous_32)","decl":{"start":{"line":455,"column":27},"end":{"line":455,"column":null}},"loc":{"start":{"line":455,"column":27},"end":{"line":459,"column":19}}},"28":{"name":"(anonymous_33)","decl":{"start":{"line":484,"column":34},"end":{"line":484,"column":35}},"loc":{"start":{"line":484,"column":41},"end":{"line":484,"column":null}}},"29":{"name":"(anonymous_34)","decl":{"start":{"line":487,"column":39},"end":{"line":487,"column":null}},"loc":{"start":{"line":488,"column":28},"end":{"line":488,"column":47}}},"30":{"name":"(anonymous_35)","decl":{"start":{"line":505,"column":34},"end":{"line":505,"column":35}},"loc":{"start":{"line":505,"column":41},"end":{"line":505,"column":null}}},"31":{"name":"(anonymous_36)","decl":{"start":{"line":513,"column":34},"end":{"line":513,"column":35}},"loc":{"start":{"line":513,"column":41},"end":{"line":513,"column":null}}},"32":{"name":"(anonymous_37)","decl":{"start":{"line":522,"column":34},"end":{"line":522,"column":35}},"loc":{"start":{"line":522,"column":41},"end":{"line":522,"column":null}}},"33":{"name":"(anonymous_38)","decl":{"start":{"line":528,"column":34},"end":{"line":528,"column":35}},"loc":{"start":{"line":528,"column":41},"end":{"line":528,"column":null}}},"34":{"name":"(anonymous_39)","decl":{"start":{"line":539,"column":34},"end":{"line":539,"column":35}},"loc":{"start":{"line":539,"column":41},"end":{"line":539,"column":null}}},"35":{"name":"(anonymous_41)","decl":{"start":{"line":563,"column":17},"end":{"line":563,"column":18}},"loc":{"start":{"line":563,"column":53},"end":{"line":582,"column":null}}}},"branchMap":{"0":{"loc":{"start":{"line":20,"column":21},"end":{"line":20,"column":null}},"type":"binary-expr","locations":[{"start":{"line":20,"column":21},"end":{"line":20,"column":52}},{"start":{"line":20,"column":56},"end":{"line":20,"column":null}}]},"1":{"loc":{"start":{"line":24,"column":4},"end":{"line":24,"column":null}},"type":"if","locations":[{"start":{"line":24,"column":4},"end":{"line":24,"column":null}},{"start":{},"end":{}}]},"2":{"loc":{"start":{"line":27,"column":4},"end":{"line":27,"column":null}},"type":"if","locations":[{"start":{"line":27,"column":4},"end":{"line":27,"column":null}},{"start":{},"end":{}}]},"3":{"loc":{"start":{"line":46,"column":30},"end":{"line":46,"column":null}},"type":"binary-expr","locations":[{"start":{"line":46,"column":30},"end":{"line":46,"column":61}},{"start":{"line":46,"column":61},"end":{"line":46,"column":null}}]},"4":{"loc":{"start":{"line":47,"column":16},"end":{"line":52,"column":null}},"type":"if","locations":[{"start":{"line":47,"column":16},"end":{"line":52,"column":null}},{"start":{},"end":{}}]},"5":{"loc":{"start":{"line":63,"column":16},"end":{"line":79,"column":null}},"type":"if","locations":[{"start":{"line":63,"column":16},"end":{"line":79,"column":null}},{"start":{"line":73,"column":23},"end":{"line":79,"column":null}}]},"6":{"loc":{"start":{"line":65,"column":20},"end":{"line":72,"column":null}},"type":"if","locations":[{"start":{"line":65,"column":20},"end":{"line":72,"column":null}},{"start":{"line":69,"column":27},"end":{"line":72,"column":null}}]},"7":{"loc":{"start":{"line":65,"column":24},"end":{"line":65,"column":73}},"type":"binary-expr","locations":[{"start":{"line":65,"column":24},"end":{"line":65,"column":37}},{"start":{"line":65,"column":41},"end":{"line":65,"column":73}}]},"8":{"loc":{"start":{"line":91,"column":30},"end":{"line":91,"column":null}},"type":"binary-expr","locations":[{"start":{"line":91,"column":30},"end":{"line":91,"column":61}},{"start":{"line":91,"column":61},"end":{"line":91,"column":null}}]},"9":{"loc":{"start":{"line":99,"column":16},"end":{"line":109,"column":null}},"type":"if","locations":[{"start":{"line":99,"column":16},"end":{"line":109,"column":null}},{"start":{"line":101,"column":23},"end":{"line":109,"column":null}}]},"10":{"loc":{"start":{"line":104,"column":20},"end":{"line":108,"column":null}},"type":"if","locations":[{"start":{"line":104,"column":20},"end":{"line":108,"column":null}},{"start":{},"end":{}}]},"11":{"loc":{"start":{"line":104,"column":24},"end":{"line":104,"column":66}},"type":"binary-expr","locations":[{"start":{"line":104,"column":24},"end":{"line":104,"column":46}},{"start":{"line":104,"column":46},"end":{"line":104,"column":66}}]},"12":{"loc":{"start":{"line":120,"column":8},"end":{"line":120,"column":null}},"type":"if","locations":[{"start":{"line":120,"column":8},"end":{"line":120,"column":null}},{"start":{},"end":{}}]},"13":{"loc":{"start":{"line":124,"column":30},"end":{"line":124,"column":null}},"type":"binary-expr","locations":[{"start":{"line":124,"column":30},"end":{"line":124,"column":61}},{"start":{"line":124,"column":61},"end":{"line":124,"column":null}}]},"14":{"loc":{"start":{"line":125,"column":16},"end":{"line":132,"column":null}},"type":"if","locations":[{"start":{"line":125,"column":16},"end":{"line":132,"column":null}},{"start":{},"end":{}}]},"15":{"loc":{"start":{"line":142,"column":16},"end":{"line":148,"column":null}},"type":"if","locations":[{"start":{"line":142,"column":16},"end":{"line":148,"column":null}},{"start":{},"end":{}}]},"16":{"loc":{"start":{"line":158,"column":4},"end":{"line":168,"column":null}},"type":"if","locations":[{"start":{"line":158,"column":4},"end":{"line":168,"column":null}},{"start":{},"end":{}}]},"17":{"loc":{"start":{"line":171,"column":4},"end":{"line":182,"column":null}},"type":"if","locations":[{"start":{"line":171,"column":4},"end":{"line":182,"column":null}},{"start":{},"end":{}}]},"18":{"loc":{"start":{"line":171,"column":8},"end":{"line":171,"column":39}},"type":"binary-expr","locations":[{"start":{"line":171,"column":8},"end":{"line":171,"column":21}},{"start":{"line":171,"column":21},"end":{"line":171,"column":39}}]},"19":{"loc":{"start":{"line":177,"column":54},"end":{"line":177,"column":null}},"type":"binary-expr","locations":[{"start":{"line":177,"column":54},"end":{"line":177,"column":67}},{"start":{"line":177,"column":67},"end":{"line":177,"column":null}}]},"20":{"loc":{"start":{"line":223,"column":25},"end":{"line":223,"column":null}},"type":"binary-expr","locations":[{"start":{"line":223,"column":25},"end":{"line":223,"column":53}},{"start":{"line":223,"column":53},"end":{"line":223,"column":null}}]},"21":{"loc":{"start":{"line":224,"column":25},"end":{"line":224,"column":null}},"type":"binary-expr","locations":[{"start":{"line":224,"column":25},"end":{"line":224,"column":51}},{"start":{"line":224,"column":51},"end":{"line":224,"column":null}}]},"22":{"loc":{"start":{"line":225,"column":25},"end":{"line":225,"column":null}},"type":"binary-expr","locations":[{"start":{"line":225,"column":25},"end":{"line":225,"column":55}},{"start":{"line":225,"column":55},"end":{"line":225,"column":null}}]},"23":{"loc":{"start":{"line":234,"column":21},"end":{"line":234,"column":49}},"type":"binary-expr","locations":[{"start":{"line":234,"column":21},"end":{"line":234,"column":49}}]},"24":{"loc":{"start":{"line":235,"column":21},"end":{"line":235,"column":null}},"type":"binary-expr","locations":[{"start":{"line":235,"column":21},"end":{"line":235,"column":47}},{"start":{"line":235,"column":47},"end":{"line":235,"column":null}}]},"25":{"loc":{"start":{"line":236,"column":21},"end":{"line":236,"column":null}},"type":"binary-expr","locations":[{"start":{"line":236,"column":21},"end":{"line":236,"column":51}},{"start":{"line":236,"column":51},"end":{"line":236,"column":null}}]},"26":{"loc":{"start":{"line":249,"column":51},"end":{"line":249,"column":76}},"type":"binary-expr","locations":[{"start":{"line":249,"column":51},"end":{"line":249,"column":73}},{"start":{"line":249,"column":73},"end":{"line":249,"column":76}}]},"27":{"loc":{"start":{"line":250,"column":44},"end":{"line":250,"column":68}},"type":"binary-expr","locations":[{"start":{"line":250,"column":44},"end":{"line":250,"column":65}},{"start":{"line":250,"column":65},"end":{"line":250,"column":68}}]},"28":{"loc":{"start":{"line":251,"column":49},"end":{"line":251,"column":82}},"type":"binary-expr","locations":[{"start":{"line":251,"column":49},"end":{"line":251,"column":74}},{"start":{"line":251,"column":74},"end":{"line":251,"column":82}}]},"29":{"loc":{"start":{"line":289,"column":22},"end":{"line":289,"column":null}},"type":"binary-expr","locations":[{"start":{"line":289,"column":22},"end":{"line":289,"column":53}},{"start":{"line":289,"column":53},"end":{"line":289,"column":null}}]},"30":{"loc":{"start":{"line":308,"column":12},"end":{"line":321,"column":null}},"type":"if","locations":[{"start":{"line":308,"column":12},"end":{"line":321,"column":null}},{"start":{"line":316,"column":19},"end":{"line":321,"column":null}}]},"31":{"loc":{"start":{"line":318,"column":33},"end":{"line":318,"column":null}},"type":"binary-expr","locations":[{"start":{"line":318,"column":33},"end":{"line":318,"column":45}},{"start":{"line":318,"column":49},"end":{"line":318,"column":null}}]},"32":{"loc":{"start":{"line":319,"column":37},"end":{"line":319,"column":null}},"type":"cond-expr","locations":[{"start":{"line":319,"column":52},"end":{"line":319,"column":73}},{"start":{"line":319,"column":76},"end":{"line":319,"column":null}}]},"33":{"loc":{"start":{"line":382,"column":29},"end":{"line":382,"column":null}},"type":"binary-expr","locations":[{"start":{"line":382,"column":29},"end":{"line":382,"column":47}},{"start":{"line":382,"column":51},"end":{"line":382,"column":null}}]},"34":{"loc":{"start":{"line":391,"column":27},"end":{"line":391,"column":68}},"type":"cond-expr","locations":[{"start":{"line":391,"column":27},"end":{"line":391,"column":68}}]},"35":{"loc":{"start":{"line":408,"column":26},"end":{"line":408,"column":null}},"type":"binary-expr","locations":[{"start":{"line":408,"column":26},"end":{"line":408,"column":57}},{"start":{"line":408,"column":57},"end":{"line":408,"column":null}}]},"36":{"loc":{"start":{"line":416,"column":12},"end":{"line":423,"column":null}},"type":"if","locations":[{"start":{"line":416,"column":12},"end":{"line":423,"column":null}},{"start":{},"end":{}}]},"37":{"loc":{"start":{"line":420,"column":20},"end":{"line":420,"column":null}},"type":"binary-expr","locations":[{"start":{"line":420,"column":20},"end":{"line":420,"column":50}},{"start":{"line":420,"column":50},"end":{"line":420,"column":null}}]},"38":{"loc":{"start":{"line":431,"column":22},"end":{"line":431,"column":null}},"type":"binary-expr","locations":[{"start":{"line":431,"column":22},"end":{"line":431,"column":53}},{"start":{"line":431,"column":53},"end":{"line":431,"column":null}}]},"39":{"loc":{"start":{"line":452,"column":12},"end":{"line":464,"column":null}},"type":"if","locations":[{"start":{"line":452,"column":12},"end":{"line":464,"column":null}},{"start":{"line":460,"column":19},"end":{"line":464,"column":null}}]},"40":{"loc":{"start":{"line":461,"column":33},"end":{"line":461,"column":null}},"type":"binary-expr","locations":[{"start":{"line":461,"column":33},"end":{"line":461,"column":45}},{"start":{"line":461,"column":49},"end":{"line":461,"column":null}}]},"41":{"loc":{"start":{"line":462,"column":37},"end":{"line":462,"column":null}},"type":"cond-expr","locations":[{"start":{"line":462,"column":50},"end":{"line":462,"column":76}},{"start":{"line":462,"column":79},"end":{"line":462,"column":null}}]},"42":{"loc":{"start":{"line":493,"column":21},"end":{"line":493,"column":null}},"type":"binary-expr","locations":[{"start":{"line":493,"column":21},"end":{"line":493,"column":null}}]},"43":{"loc":{"start":{"line":545,"column":27},"end":{"line":545,"column":68}},"type":"cond-expr","locations":[{"start":{"line":545,"column":27},"end":{"line":545,"column":68}}]},"44":{"loc":{"start":{"line":555,"column":89},"end":{"line":555,"column":null}},"type":"cond-expr","locations":[{"start":{"line":555,"column":100},"end":{"line":555,"column":156}},{"start":{"line":555,"column":156},"end":{"line":555,"column":null}}]}},"s":{"0":0,"1":0,"2":0,"3":0,"4":0,"5":0,"6":0,"7":0,"8":0,"9":0,"10":0,"11":0,"12":0,"13":0,"14":0,"15":0,"16":0,"17":0,"18":0,"19":0,"20":0,"21":0,"22":0,"23":0,"24":0,"25":0,"26":0,"27":0,"28":0,"29":0,"30":0,"31":0,"32":0,"33":0,"34":0,"35":0,"36":0,"37":0,"38":0,"39":0,"40":0,"41":0,"42":0,"43":0,"44":0,"45":0,"46":0,"47":0,"48":0,"49":0,"50":0,"51":0,"52":0,"53":0,"54":0,"55":0,"56":0,"57":0,"58":0,"59":0,"60":0,"61":0,"62":0,"63":0,"64":0,"65":0,"66":0,"67":0,"68":0,"69":0,"70":0,"71":0,"72":0,"73":0,"74":0,"75":0,"76":0,"77":0,"78":0,"79":0,"80":0,"81":0,"82":0,"83":0,"84":0,"85":0,"86":0,"87":0,"88":0,"89":0,"90":0,"91":0,"92":0,"93":0,"94":0,"95":0,"96":0,"97":0,"98":0,"99":0,"100":0,"101":0,"102":0,"103":0,"104":0,"105":0,"106":0,"107":0,"108":0,"109":0,"110":0,"111":0,"112":0,"113":0,"114":0,"115":0,"116":0,"117":0,"118":0,"119":0,"120":0,"121":0,"122":0,"123":0,"124":0,"125":0,"126":0,"127":0,"128":0,"129":0,"130":0,"131":0,"132":0,"133":0,"134":0,"135":0,"136":0,"137":0,"138":0,"139":0,"140":0,"141":0,"142":0,"143":0,"144":0,"145":0,"146":0,"147":0,"148":0,"149":0,"150":0,"151":0,"152":0,"153":0,"154":0,"155":0,"156":0,"157":0,"158":0},"f":{"0":0,"1":0,"2":0,"3":0,"4":0,"5":0,"6":0,"7":0,"8":0,"9":0,"10":0,"11":0,"12":0,"13":0,"14":0,"15":0,"16":0,"17":0,"18":0,"19":0,"20":0,"21":0,"22":0,"23":0,"24":0,"25":0,"26":0,"27":0,"28":0,"29":0,"30":0,"31":0,"32":0,"33":0,"34":0,"35":0},"b":{"0":[0,0],"1":[0,0],"2":[0,0],"3":[0,0],"4":[0,0],"5":[0,0],"6":[0,0],"7":[0,0],"8":[0,0],"9":[0,0],"10":[0,0],"11":[0,0],"12":[0,0],"13":[0,0],"14":[0,0],"15":[0,0],"16":[0,0],"17":[0,0],"18":[0,0],"19":[0,0],"20":[0,0],"21":[0,0],"22":[0,0],"23":[0],"24":[0,0],"25":[0,0],"26":[0,0],"27":[0,0],"28":[0,0],"29":[0,0],"30":[0,0],"31":[0,0],"32":[0,0],"33":[0,0],"34":[0],"35":[0,0],"36":[0,0],"37":[0,0],"38":[0,0],"39":[0,0],"40":[0,0],"41":[0,0],"42":[0],"43":[0],"44":[0,0]}}
,"D:\\study\\SE\\deploy\\cloud-frontend\\app\\components\\NetworkGuard.js": {"path":"D:\\study\\SE\\deploy\\cloud-frontend\\app\\components\\NetworkGuard.js","statementMap":{"0":{"start":{"line":31,"column":24},"end":{"line":31,"column":37}},"1":{"start":{"line":27,"column":43},"end":{"line":27,"column":null}},"2":{"start":{"line":28,"column":55},"end":{"line":28,"column":null}},"3":{"start":{"line":29,"column":67},"end":{"line":29,"column":null}},"4":{"start":{"line":32,"column":46},"end":{"line":37,"column":null}},"5":{"start":{"line":38,"column":38},"end":{"line":38,"column":null}},"6":{"start":{"line":41,"column":4},"end":{"line":56,"column":null}},"7":{"start":{"line":42,"column":8},"end":{"line":42,"column":null}},"8":{"start":{"line":45,"column":8},"end":{"line":49,"column":null}},"9":{"start":{"line":46,"column":12},"end":{"line":48,"column":null}},"10":{"start":{"line":47,"column":16},"end":{"line":47,"column":null}},"11":{"start":{"line":51,"column":8},"end":{"line":55,"column":null}},"12":{"start":{"line":52,"column":12},"end":{"line":54,"column":null}},"13":{"start":{"line":53,"column":16},"end":{"line":53,"column":null}},"14":{"start":{"line":58,"column":32},"end":{"line":67,"column":null}},"15":{"start":{"line":59,"column":8},"end":{"line":59,"column":null}},"16":{"start":{"line":59,"column":34},"end":{"line":59,"column":null}},"17":{"start":{"line":60,"column":23},"end":{"line":60,"column":null}},"18":{"start":{"line":61,"column":8},"end":{"line":66,"column":null}},"19":{"start":{"line":69,"column":32},"end":{"line":79,"column":null}},"20":{"start":{"line":70,"column":8},"end":{"line":70,"column":null}},"21":{"start":{"line":71,"column":8},"end":{"line":78,"column":null}},"22":{"start":{"line":72,"column":12},"end":{"line":72,"column":null}},"23":{"start":{"line":73,"column":12},"end":{"line":73,"column":null}},"24":{"start":{"line":75,"column":12},"end":{"line":75,"column":null}},"25":{"start":{"line":77,"column":12},"end":{"line":77,"column":null}},"26":{"start":{"line":82,"column":4},"end":{"line":91,"column":null}},"27":{"start":{"line":94,"column":4},"end":{"line":185,"column":null}}},"fnMap":{"0":{"name":"NetworkGuard","decl":{"start":{"line":31,"column":24},"end":{"line":31,"column":37}},"loc":{"start":{"line":31,"column":49},"end":{"line":189,"column":null}}},"1":{"name":"(anonymous_5)","decl":{"start":{"line":41,"column":14},"end":{"line":41,"column":null}},"loc":{"start":{"line":41,"column":14},"end":{"line":56,"column":7}}},"2":{"name":"(anonymous_6)","decl":{"start":{"line":46,"column":47},"end":{"line":46,"column":null}},"loc":{"start":{"line":46,"column":47},"end":{"line":48,"column":null}}},"3":{"name":"(anonymous_7)","decl":{"start":{"line":51,"column":15},"end":{"line":51,"column":null}},"loc":{"start":{"line":51,"column":15},"end":{"line":55,"column":null}}},"4":{"name":"(anonymous_8)","decl":{"start":{"line":58,"column":32},"end":{"line":58,"column":null}},"loc":{"start":{"line":58,"column":32},"end":{"line":67,"column":null}}},"5":{"name":"(anonymous_9)","decl":{"start":{"line":59,"column":25},"end":{"line":59,"column":34}},"loc":{"start":{"line":59,"column":34},"end":{"line":59,"column":null}}},"6":{"name":"(anonymous_10)","decl":{"start":{"line":69,"column":32},"end":{"line":69,"column":null}},"loc":{"start":{"line":69,"column":32},"end":{"line":79,"column":null}}}},"branchMap":{"0":{"loc":{"start":{"line":45,"column":8},"end":{"line":49,"column":null}},"type":"if","locations":[{"start":{"line":45,"column":8},"end":{"line":49,"column":null}},{"start":{},"end":{}}]},"1":{"loc":{"start":{"line":52,"column":12},"end":{"line":54,"column":null}},"type":"if","locations":[{"start":{"line":52,"column":12},"end":{"line":54,"column":null}},{"start":{},"end":{}}]},"2":{"loc":{"start":{"line":82,"column":4},"end":{"line":91,"column":null}},"type":"if","locations":[{"start":{"line":82,"column":4},"end":{"line":91,"column":null}},{"start":{},"end":{}}]},"3":{"loc":{"start":{"line":94,"column":4},"end":{"line":185,"column":null}},"type":"if","locations":[{"start":{"line":94,"column":4},"end":{"line":185,"column":null}},{"start":{},"end":{}}]},"4":{"loc":{"start":{"line":117,"column":28},"end":{"line":163,"column":29}},"type":"cond-expr","locations":[{"start":{"line":117,"column":28},"end":{"line":163,"column":29}}]},"5":{"loc":{"start":{"line":124,"column":40},"end":{"line":129,"column":null}},"type":"cond-expr","locations":[{"start":{"line":124,"column":40},"end":{"line":129,"column":null}}]},"6":{"loc":{"start":{"line":146,"column":49},"end":{"line":146,"column":null}},"type":"binary-expr","locations":[{"start":{"line":146,"column":49},"end":{"line":146,"column":77}},{"start":{"line":146,"column":81},"end":{"line":146,"column":null}}]}},"s":{"0":5,"1":1,"2":1,"3":1,"4":16,"5":16,"6":16,"7":5,"8":5,"9":4,"10":0,"11":5,"12":5,"13":4,"14":16,"15":6,"16":6,"17":6,"18":5,"19":16,"20":1,"21":1,"22":1,"23":1,"24":0,"25":1,"26":16,"27":6},"f":{"0":16,"1":5,"2":0,"3":5,"4":6,"5":6,"6":1},"b":{"0":[4,1],"1":[4,1],"2":[10,6],"3":[4,2],"4":[3],"5":[1],"6":[3,0]}}
,"D:\\study\\SE\\deploy\\cloud-frontend\\app\\dashboard\\page.js": {"path":"D:\\study\\SE\\deploy\\cloud-frontend\\app\\dashboard\\page.js","statementMap":{"0":{"start":{"line":55,"column":24},"end":{"line":55,"column":null}},"1":{"start":{"line":3,"column":43},"end":{"line":3,"column":null}},"2":{"start":{"line":4,"column":23},"end":{"line":4,"column":null}},"3":{"start":{"line":5,"column":26},"end":{"line":5,"column":null}},"4":{"start":{"line":23,"column":7},"end":{"line":23,"column":null}},"5":{"start":{"line":26,"column":21},"end":{"line":26,"column":null}},"6":{"start":{"line":29,"column":18},"end":{"line":35,"column":null}},"7":{"start":{"line":30,"column":4},"end":{"line":30,"column":null}},"8":{"start":{"line":30,"column":41},"end":{"line":30,"column":null}},"9":{"start":{"line":31,"column":18},"end":{"line":31,"column":40}},"10":{"start":{"line":32,"column":18},"end":{"line":32,"column":null}},"11":{"start":{"line":33,"column":4},"end":{"line":33,"column":null}},"12":{"start":{"line":33,"column":28},"end":{"line":33,"column":null}},"13":{"start":{"line":34,"column":4},"end":{"line":34,"column":null}},"14":{"start":{"line":37,"column":18},"end":{"line":41,"column":null}},"15":{"start":{"line":38,"column":4},"end":{"line":38,"column":null}},"16":{"start":{"line":38,"column":41},"end":{"line":38,"column":null}},"17":{"start":{"line":39,"column":20},"end":{"line":39,"column":null}},"18":{"start":{"line":40,"column":4},"end":{"line":40,"column":null}},"19":{"start":{"line":43,"column":21},"end":{"line":46,"column":null}},"20":{"start":{"line":44,"column":4},"end":{"line":44,"column":null}},"21":{"start":{"line":44,"column":41},"end":{"line":44,"column":null}},"22":{"start":{"line":45,"column":4},"end":{"line":45,"column":null}},"23":{"start":{"line":49,"column":21},"end":{"line":53,"column":null}},"24":{"start":{"line":56,"column":56},"end":{"line":56,"column":null}},"25":{"start":{"line":57,"column":46},"end":{"line":57,"column":null}},"26":{"start":{"line":58,"column":34},"end":{"line":58,"column":null}},"27":{"start":{"line":59,"column":30},"end":{"line":59,"column":null}},"28":{"start":{"line":60,"column":19},"end":{"line":60,"column":null}},"29":{"start":{"line":62,"column":4},"end":{"line":70,"column":null}},"30":{"start":{"line":64,"column":22},"end":{"line":64,"column":null}},"31":{"start":{"line":65,"column":8},"end":{"line":68,"column":null}},"32":{"start":{"line":66,"column":12},"end":{"line":66,"column":null}},"33":{"start":{"line":67,"column":12},"end":{"line":67,"column":null}},"34":{"start":{"line":69,"column":8},"end":{"line":69,"column":null}},"35":{"start":{"line":72,"column":31},"end":{"line":109,"column":null}},"36":{"start":{"line":73,"column":8},"end":{"line":108,"column":null}},"37":{"start":{"line":74,"column":12},"end":{"line":74,"column":null}},"38":{"start":{"line":75,"column":12},"end":{"line":75,"column":null}},"39":{"start":{"line":78,"column":26},"end":{"line":78,"column":null}},"40":{"start":{"line":79,"column":29},"end":{"line":86,"column":null}},"41":{"start":{"line":88,"column":12},"end":{"line":95,"column":null}},"42":{"start":{"line":89,"column":16},"end":{"line":89,"column":null}},"43":{"start":{"line":90,"column":16},"end":{"line":90,"column":null}},"44":{"start":{"line":91,"column":16},"end":{"line":91,"column":null}},"45":{"start":{"line":92,"column":16},"end":{"line":92,"column":null}},"46":{"start":{"line":93,"column":16},"end":{"line":93,"column":null}},"47":{"start":{"line":94,"column":16},"end":{"line":94,"column":null}},"48":{"start":{"line":97,"column":12},"end":{"line":99,"column":null}},"49":{"start":{"line":98,"column":16},"end":{"line":98,"column":null}},"50":{"start":{"line":101,"column":25},"end":{"line":101,"column":null}},"51":{"start":{"line":102,"column":12},"end":{"line":102,"column":null}},"52":{"start":{"line":104,"column":12},"end":{"line":104,"column":null}},"53":{"start":{"line":105,"column":12},"end":{"line":105,"column":null}},"54":{"start":{"line":107,"column":12},"end":{"line":107,"column":null}},"55":{"start":{"line":111,"column":26},"end":{"line":133,"column":null}},"56":{"start":{"line":112,"column":8},"end":{"line":125,"column":null}},"57":{"start":{"line":114,"column":26},"end":{"line":114,"column":null}},"58":{"start":{"line":115,"column":12},"end":{"line":122,"column":null}},"59":{"start":{"line":124,"column":12},"end":{"line":124,"column":null}},"60":{"start":{"line":128,"column":8},"end":{"line":128,"column":null}},"61":{"start":{"line":129,"column":8},"end":{"line":129,"column":null}},"62":{"start":{"line":130,"column":8},"end":{"line":130,"column":null}},"63":{"start":{"line":131,"column":8},"end":{"line":131,"column":null}},"64":{"start":{"line":132,"column":8},"end":{"line":132,"column":null}},"65":{"start":{"line":135,"column":28},"end":{"line":140,"column":null}},"66":{"start":{"line":136,"column":8},"end":{"line":139,"column":null}},"67":{"start":{"line":138,"column":12},"end":{"line":138,"column":null}},"68":{"start":{"line":143,"column":4},"end":{"line":152,"column":null}},"69":{"start":{"line":155,"column":4},"end":{"line":171,"column":null}},"70":{"start":{"line":174,"column":24},"end":{"line":174,"column":null}},"71":{"start":{"line":175,"column":27},"end":{"line":175,"column":null}},"72":{"start":{"line":176,"column":26},"end":{"line":176,"column":54}},"73":{"start":{"line":216,"column":43},"end":{"line":216,"column":null}},"74":{"start":{"line":225,"column":43},"end":{"line":225,"column":null}},"75":{"start":{"line":359,"column":36},"end":{"line":359,"column":49}},"76":{"start":{"line":373,"column":39},"end":{"line":373,"column":null}},"77":{"start":{"line":405,"column":47},"end":{"line":405,"column":null}},"78":{"start":{"line":415,"column":36},"end":{"line":415,"column":55}},"79":{"start":{"line":464,"column":32},"end":{"line":464,"column":47}}},"fnMap":{"0":{"name":"(anonymous_4)","decl":{"start":{"line":29,"column":18},"end":{"line":29,"column":19}},"loc":{"start":{"line":29,"column":19},"end":{"line":35,"column":null}}},"1":{"name":"(anonymous_5)","decl":{"start":{"line":37,"column":18},"end":{"line":37,"column":19}},"loc":{"start":{"line":37,"column":40},"end":{"line":41,"column":null}}},"2":{"name":"(anonymous_6)","decl":{"start":{"line":43,"column":21},"end":{"line":43,"column":22}},"loc":{"start":{"line":43,"column":22},"end":{"line":46,"column":null}}},"3":{"name":"VoteGuardDashboard","decl":{"start":{"line":55,"column":24},"end":{"line":55,"column":null}},"loc":{"start":{"line":55,"column":24},"end":{"line":486,"column":null}}},"4":{"name":"(anonymous_8)","decl":{"start":{"line":62,"column":14},"end":{"line":62,"column":null}},"loc":{"start":{"line":62,"column":14},"end":{"line":70,"column":7}}},"5":{"name":"(anonymous_9)","decl":{"start":{"line":72,"column":31},"end":{"line":72,"column":null}},"loc":{"start":{"line":72,"column":31},"end":{"line":109,"column":null}}},"6":{"name":"(anonymous_10)","decl":{"start":{"line":111,"column":26},"end":{"line":111,"column":null}},"loc":{"start":{"line":111,"column":26},"end":{"line":133,"column":null}}},"7":{"name":"(anonymous_11)","decl":{"start":{"line":135,"column":28},"end":{"line":135,"column":null}},"loc":{"start":{"line":135,"column":28},"end":{"line":140,"column":null}}},"8":{"name":"(anonymous_12)","decl":{"start":{"line":216,"column":37},"end":{"line":216,"column":43}},"loc":{"start":{"line":216,"column":43},"end":{"line":216,"column":null}}},"9":{"name":"(anonymous_13)","decl":{"start":{"line":225,"column":37},"end":{"line":225,"column":43}},"loc":{"start":{"line":225,"column":43},"end":{"line":225,"column":null}}},"10":{"name":"(anonymous_14)","decl":{"start":{"line":358,"column":58},"end":{"line":358,"column":59}},"loc":{"start":{"line":359,"column":36},"end":{"line":359,"column":49}}},"11":{"name":"(anonymous_15)","decl":{"start":{"line":373,"column":33},"end":{"line":373,"column":39}},"loc":{"start":{"line":373,"column":39},"end":{"line":373,"column":null}}},"12":{"name":"(anonymous_16)","decl":{"start":{"line":405,"column":41},"end":{"line":405,"column":47}},"loc":{"start":{"line":405,"column":47},"end":{"line":405,"column":null}}},"13":{"name":"(anonymous_17)","decl":{"start":{"line":414,"column":50},"end":{"line":414,"column":51}},"loc":{"start":{"line":415,"column":36},"end":{"line":415,"column":55}}},"14":{"name":"(anonymous_18)","decl":{"start":{"line":463,"column":46},"end":{"line":463,"column":47}},"loc":{"start":{"line":464,"column":32},"end":{"line":464,"column":47}}}},"branchMap":{"0":{"loc":{"start":{"line":26,"column":21},"end":{"line":26,"column":null}},"type":"binary-expr","locations":[{"start":{"line":26,"column":21},"end":{"line":26,"column":52}},{"start":{"line":26,"column":56},"end":{"line":26,"column":null}}]},"1":{"loc":{"start":{"line":30,"column":4},"end":{"line":30,"column":null}},"type":"if","locations":[{"start":{"line":30,"column":4},"end":{"line":30,"column":null}},{"start":{},"end":{}}]},"2":{"loc":{"start":{"line":33,"column":4},"end":{"line":33,"column":null}},"type":"if","locations":[{"start":{"line":33,"column":4},"end":{"line":33,"column":null}},{"start":{},"end":{}}]},"3":{"loc":{"start":{"line":37,"column":32},"end":{"line":37,"column":40}},"type":"default-arg","locations":[{"start":{"line":37,"column":39},"end":{"line":37,"column":40}}]},"4":{"loc":{"start":{"line":38,"column":4},"end":{"line":38,"column":null}},"type":"if","locations":[{"start":{"line":38,"column":4},"end":{"line":38,"column":null}},{"start":{},"end":{}}]},"5":{"loc":{"start":{"line":44,"column":4},"end":{"line":44,"column":null}},"type":"if","locations":[{"start":{"line":44,"column":4},"end":{"line":44,"column":null}},{"start":{},"end":{}}]},"6":{"loc":{"start":{"line":64,"column":22},"end":{"line":64,"column":null}},"type":"binary-expr","locations":[{"start":{"line":64,"column":22},"end":{"line":64,"column":53}},{"start":{"line":64,"column":53},"end":{"line":64,"column":null}}]},"7":{"loc":{"start":{"line":65,"column":8},"end":{"line":68,"column":null}},"type":"if","locations":[{"start":{"line":65,"column":8},"end":{"line":68,"column":null}},{"start":{},"end":{}}]},"8":{"loc":{"start":{"line":78,"column":26},"end":{"line":78,"column":null}},"type":"binary-expr","locations":[{"start":{"line":78,"column":26},"end":{"line":78,"column":57}},{"start":{"line":78,"column":57},"end":{"line":78,"column":null}}]},"9":{"loc":{"start":{"line":88,"column":12},"end":{"line":95,"column":null}},"type":"if","locations":[{"start":{"line":88,"column":12},"end":{"line":95,"column":null}},{"start":{},"end":{}}]},"10":{"loc":{"start":{"line":97,"column":12},"end":{"line":99,"column":null}},"type":"if","locations":[{"start":{"line":97,"column":12},"end":{"line":99,"column":null}},{"start":{},"end":{}}]},"11":{"loc":{"start":{"line":114,"column":26},"end":{"line":114,"column":null}},"type":"binary-expr","locations":[{"start":{"line":114,"column":26},"end":{"line":114,"column":57}},{"start":{"line":114,"column":57},"end":{"line":114,"column":null}}]},"12":{"loc":{"start":{"line":136,"column":8},"end":{"line":139,"column":null}},"type":"if","locations":[{"start":{"line":136,"column":8},"end":{"line":139,"column":null}},{"start":{},"end":{}}]},"13":{"loc":{"start":{"line":143,"column":4},"end":{"line":152,"column":null}},"type":"if","locations":[{"start":{"line":143,"column":4},"end":{"line":152,"column":null}},{"start":{},"end":{}}]},"14":{"loc":{"start":{"line":155,"column":4},"end":{"line":171,"column":null}},"type":"if","locations":[{"start":{"line":155,"column":4},"end":{"line":171,"column":null}},{"start":{},"end":{}}]},"15":{"loc":{"start":{"line":174,"column":24},"end":{"line":174,"column":null}},"type":"binary-expr","locations":[{"start":{"line":174,"column":24},"end":{"line":174,"column":54}},{"start":{"line":174,"column":54},"end":{"line":174,"column":null}}]},"16":{"loc":{"start":{"line":176,"column":26},"end":{"line":176,"column":54}},"type":"binary-expr","locations":[{"start":{"line":176,"column":26},"end":{"line":176,"column":52}},{"start":{"line":176,"column":52},"end":{"line":176,"column":54}}]},"17":{"loc":{"start":{"line":202,"column":80},"end":{"line":202,"column":null}},"type":"binary-expr","locations":[{"start":{"line":202,"column":80},"end":{"line":202,"column":96}},{"start":{"line":202,"column":100},"end":{"line":202,"column":null}}]},"18":{"loc":{"start":{"line":209,"column":37},"end":{"line":209,"column":null}},"type":"cond-expr","locations":[{"start":{"line":209,"column":60},"end":{"line":209,"column":81}},{"start":{"line":209,"column":81},"end":{"line":209,"column":null}}]},"19":{"loc":{"start":{"line":256,"column":29},"end":{"line":256,"column":80}},"type":"binary-expr","locations":[{"start":{"line":256,"column":29},"end":{"line":256,"column":53}},{"start":{"line":256,"column":57},"end":{"line":256,"column":80}}]},"20":{"loc":{"start":{"line":256,"column":84},"end":{"line":256,"column":null}},"type":"binary-expr","locations":[{"start":{"line":256,"column":84},"end":{"line":256,"column":100}},{"start":{"line":256,"column":104},"end":{"line":256,"column":null}}]},"21":{"loc":{"start":{"line":273,"column":149},"end":{"line":275,"column":null}},"type":"cond-expr","locations":[{"start":{"line":274,"column":30},"end":{"line":274,"column":null}},{"start":{"line":275,"column":30},"end":{"line":275,"column":null}}]},"22":{"loc":{"start":{"line":284,"column":32},"end":{"line":316,"column":33}},"type":"cond-expr","locations":[{"start":{"line":284,"column":32},"end":{"line":316,"column":33}}]},"23":{"loc":{"start":{"line":304,"column":49},"end":{"line":304,"column":null}},"type":"binary-expr","locations":[{"start":{"line":304,"column":49},"end":{"line":304,"column":70}},{"start":{"line":304,"column":74},"end":{"line":304,"column":null}}]},"24":{"loc":{"start":{"line":335,"column":68},"end":{"line":335,"column":null}},"type":"cond-expr","locations":[{"start":{"line":335,"column":91},"end":{"line":335,"column":102}},{"start":{"line":335,"column":102},"end":{"line":335,"column":null}}]},"25":{"loc":{"start":{"line":340,"column":37},"end":{"line":340,"column":null}},"type":"binary-expr","locations":[{"start":{"line":340,"column":37},"end":{"line":340,"column":58}},{"start":{"line":340,"column":62},"end":{"line":340,"column":null}}]},"26":{"loc":{"start":{"line":353,"column":67},"end":{"line":353,"column":null}},"type":"binary-expr","locations":[{"start":{"line":353,"column":67},"end":{"line":353,"column":83}},{"start":{"line":353,"column":87},"end":{"line":353,"column":null}}]},"27":{"loc":{"start":{"line":360,"column":41},"end":{"line":360,"column":52}},"type":"binary-expr","locations":[{"start":{"line":360,"column":41},"end":{"line":360,"column":52}}]},"28":{"loc":{"start":{"line":414,"column":32},"end":{"line":415,"column":55}},"type":"cond-expr","locations":[{"start":{"line":414,"column":32},"end":{"line":415,"column":55}}]},"29":{"loc":{"start":{"line":430,"column":49},"end":{"line":430,"column":null}},"type":"binary-expr","locations":[{"start":{"line":430,"column":49},"end":{"line":430,"column":60}},{"start":{"line":430,"column":64},"end":{"line":430,"column":null}}]},"30":{"loc":{"start":{"line":466,"column":37},"end":{"line":466,"column":null}},"type":"binary-expr","locations":[{"start":{"line":466,"column":37},"end":{"line":466,"column":null}}]},"31":{"loc":{"start":{"line":493,"column":96},"end":{"line":495,"column":null}},"type":"cond-expr","locations":[{"start":{"line":494,"column":14},"end":{"line":494,"column":null}},{"start":{"line":495,"column":14},"end":{"line":495,"column":null}}]}},"s":{"0":0,"1":0,"2":0,"3":0,"4":0,"5":0,"6":0,"7":0,"8":0,"9":0,"10":0,"11":0,"12":0,"13":0,"14":0,"15":0,"16":0,"17":0,"18":0,"19":0,"20":0,"21":0,"22":0,"23":0,"24":0,"25":0,"26":0,"27":0,"28":0,"29":0,"30":0,"31":0,"32":0,"33":0,"34":0,"35":0,"36":0,"37":0,"38":0,"39":0,"40":0,"41":0,"42":0,"43":0,"44":0,"45":0,"46":0,"47":0,"48":0,"49":0,"50":0,"51":0,"52":0,"53":0,"54":0,"55":0,"56":0,"57":0,"58":0,"59":0,"60":0,"61":0,"62":0,"63":0,"64":0,"65":0,"66":0,"67":0,"68":0,"69":0,"70":0,"71":0,"72":0,"73":0,"74":0,"75":0,"76":0,"77":0,"78":0,"79":0},"f":{"0":0,"1":0,"2":0,"3":0,"4":0,"5":0,"6":0,"7":0,"8":0,"9":0,"10":0,"11":0,"12":0,"13":0,"14":0},"b":{"0":[0,0],"1":[0,0],"2":[0,0],"3":[0],"4":[0,0],"5":[0,0],"6":[0,0],"7":[0,0],"8":[0,0],"9":[0,0],"10":[0,0],"11":[0,0],"12":[0,0],"13":[0,0],"14":[0,0],"15":[0,0],"16":[0,0],"17":[0,0],"18":[0,0],"19":[0,0],"20":[0,0],"21":[0,0],"22":[0],"23":[0,0],"24":[0,0],"25":[0,0],"26":[0,0],"27":[0],"28":[0],"29":[0,0],"30":[0],"31":[0,0]}}
,"D:\\study\\SE\\deploy\\cloud-frontend\\app\\login\\page.js": {"path":"D:\\study\\SE\\deploy\\cloud-frontend\\app\\login\\page.js","statementMap":{"0":{"start":{"line":37,"column":24},"end":{"line":37,"column":null}},"1":{"start":{"line":3,"column":43},"end":{"line":3,"column":null}},"2":{"start":{"line":4,"column":26},"end":{"line":4,"column":null}},"3":{"start":{"line":5,"column":40},"end":{"line":5,"column":null}},"4":{"start":{"line":10,"column":7},"end":{"line":10,"column":null}},"5":{"start":{"line":13,"column":21},"end":{"line":13,"column":null}},"6":{"start":{"line":16,"column":18},"end":{"line":20,"column":null}},"7":{"start":{"line":17,"column":4},"end":{"line":17,"column":null}},"8":{"start":{"line":17,"column":41},"end":{"line":17,"column":null}},"9":{"start":{"line":18,"column":20},"end":{"line":18,"column":null}},"10":{"start":{"line":19,"column":4},"end":{"line":19,"column":null}},"11":{"start":{"line":22,"column":18},"end":{"line":28,"column":null}},"12":{"start":{"line":23,"column":4},"end":{"line":23,"column":null}},"13":{"start":{"line":23,"column":41},"end":{"line":23,"column":null}},"14":{"start":{"line":24,"column":18},"end":{"line":24,"column":40}},"15":{"start":{"line":25,"column":18},"end":{"line":25,"column":null}},"16":{"start":{"line":26,"column":4},"end":{"line":26,"column":null}},"17":{"start":{"line":26,"column":28},"end":{"line":26,"column":null}},"18":{"start":{"line":27,"column":4},"end":{"line":27,"column":null}},"19":{"start":{"line":30,"column":21},"end":{"line":33,"column":null}},"20":{"start":{"line":31,"column":4},"end":{"line":31,"column":null}},"21":{"start":{"line":31,"column":41},"end":{"line":31,"column":null}},"22":{"start":{"line":32,"column":4},"end":{"line":32,"column":null}},"23":{"start":{"line":38,"column":38},"end":{"line":38,"column":null}},"24":{"start":{"line":39,"column":19},"end":{"line":39,"column":null}},"25":{"start":{"line":42,"column":4},"end":{"line":47,"column":null}},"26":{"start":{"line":43,"column":22},"end":{"line":43,"column":null}},"27":{"start":{"line":44,"column":8},"end":{"line":46,"column":null}},"28":{"start":{"line":45,"column":12},"end":{"line":45,"column":null}},"29":{"start":{"line":113,"column":43},"end":{"line":113,"column":null}},"30":{"start":{"line":120,"column":43},"end":{"line":120,"column":null}},"31":{"start":{"line":134,"column":92},"end":{"line":134,"column":null}},"32":{"start":{"line":165,"column":19},"end":{"line":272,"column":null}},"33":{"start":{"line":166,"column":28},"end":{"line":166,"column":null}},"34":{"start":{"line":167,"column":34},"end":{"line":167,"column":null}},"35":{"start":{"line":168,"column":36},"end":{"line":168,"column":null}},"36":{"start":{"line":169,"column":36},"end":{"line":169,"column":null}},"37":{"start":{"line":170,"column":30},"end":{"line":170,"column":null}},"38":{"start":{"line":171,"column":42},"end":{"line":171,"column":null}},"39":{"start":{"line":172,"column":40},"end":{"line":172,"column":56}},"40":{"start":{"line":173,"column":42},"end":{"line":173,"column":null}},"41":{"start":{"line":175,"column":36},"end":{"line":212,"column":null}},"42":{"start":{"line":176,"column":8},"end":{"line":176,"column":null}},"43":{"start":{"line":177,"column":8},"end":{"line":177,"column":26}},"44":{"start":{"line":177,"column":26},"end":{"line":177,"column":null}},"45":{"start":{"line":179,"column":8},"end":{"line":211,"column":null}},"46":{"start":{"line":180,"column":24},"end":{"line":185,"column":null}},"47":{"start":{"line":186,"column":25},"end":{"line":186,"column":null}},"48":{"start":{"line":188,"column":12},"end":{"line":206,"column":null}},"49":{"start":{"line":189,"column":16},"end":{"line":203,"column":null}},"50":{"start":{"line":191,"column":20},"end":{"line":191,"column":48}},"51":{"start":{"line":192,"column":20},"end":{"line":192,"column":null}},"52":{"start":{"line":193,"column":20},"end":{"line":193,"column":null}},"53":{"start":{"line":196,"column":20},"end":{"line":196,"column":null}},"54":{"start":{"line":197,"column":20},"end":{"line":197,"column":null}},"55":{"start":{"line":198,"column":20},"end":{"line":201,"column":null}},"56":{"start":{"line":199,"column":24},"end":{"line":199,"column":null}},"57":{"start":{"line":200,"column":24},"end":{"line":200,"column":null}},"58":{"start":{"line":202,"column":20},"end":{"line":202,"column":null}},"59":{"start":{"line":205,"column":16},"end":{"line":205,"column":null}},"60":{"start":{"line":208,"column":12},"end":{"line":208,"column":null}},"61":{"start":{"line":210,"column":12},"end":{"line":210,"column":null}},"62":{"start":{"line":214,"column":4},"end":{"line":267,"column":null}},"63":{"start":{"line":215,"column":8},"end":{"line":217,"column":null}},"64":{"start":{"line":237,"column":41},"end":{"line":237,"column":null}},"65":{"start":{"line":245,"column":41},"end":{"line":245,"column":null}},"66":{"start":{"line":270,"column":102},"end":{"line":270,"column":126}},"67":{"start":{"line":274,"column":23},"end":{"line":421,"column":null}},"68":{"start":{"line":275,"column":28},"end":{"line":275,"column":null}},"69":{"start":{"line":276,"column":34},"end":{"line":276,"column":null}},"70":{"start":{"line":277,"column":38},"end":{"line":277,"column":null}},"71":{"start":{"line":278,"column":36},"end":{"line":278,"column":54}},"72":{"start":{"line":279,"column":36},"end":{"line":279,"column":54}},"73":{"start":{"line":280,"column":30},"end":{"line":280,"column":null}},"74":{"start":{"line":281,"column":36},"end":{"line":281,"column":null}},"75":{"start":{"line":284,"column":25},"end":{"line":308,"column":null}},"76":{"start":{"line":285,"column":8},"end":{"line":285,"column":null}},"77":{"start":{"line":285,"column":26},"end":{"line":285,"column":63}},"78":{"start":{"line":285,"column":63},"end":{"line":285,"column":71}},"79":{"start":{"line":286,"column":8},"end":{"line":286,"column":26}},"80":{"start":{"line":286,"column":26},"end":{"line":286,"column":null}},"81":{"start":{"line":288,"column":8},"end":{"line":307,"column":null}},"82":{"start":{"line":289,"column":24},"end":{"line":293,"column":null}},"83":{"start":{"line":295,"column":25},"end":{"line":295,"column":null}},"84":{"start":{"line":297,"column":12},"end":{"line":302,"column":null}},"85":{"start":{"line":298,"column":16},"end":{"line":298,"column":35}},"86":{"start":{"line":299,"column":16},"end":{"line":299,"column":null}},"87":{"start":{"line":301,"column":16},"end":{"line":301,"column":null}},"88":{"start":{"line":304,"column":12},"end":{"line":304,"column":null}},"89":{"start":{"line":306,"column":12},"end":{"line":306,"column":null}},"90":{"start":{"line":311,"column":27},"end":{"line":343,"column":null}},"91":{"start":{"line":312,"column":8},"end":{"line":312,"column":null}},"92":{"start":{"line":312,"column":38},"end":{"line":312,"column":71}},"93":{"start":{"line":312,"column":71},"end":{"line":312,"column":79}},"94":{"start":{"line":313,"column":8},"end":{"line":313,"column":null}},"95":{"start":{"line":315,"column":8},"end":{"line":342,"column":null}},"96":{"start":{"line":316,"column":24},"end":{"line":325,"column":null}},"97":{"start":{"line":327,"column":25},"end":{"line":327,"column":null}},"98":{"start":{"line":329,"column":12},"end":{"line":337,"column":null}},"99":{"start":{"line":331,"column":16},"end":{"line":331,"column":null}},"100":{"start":{"line":332,"column":16},"end":{"line":334,"column":null}},"101":{"start":{"line":333,"column":20},"end":{"line":333,"column":45}},"102":{"start":{"line":336,"column":16},"end":{"line":336,"column":null}},"103":{"start":{"line":339,"column":12},"end":{"line":339,"column":null}},"104":{"start":{"line":341,"column":12},"end":{"line":341,"column":null}},"105":{"start":{"line":376,"column":41},"end":{"line":376,"column":null}},"106":{"start":{"line":398,"column":45},"end":{"line":398,"column":null}},"107":{"start":{"line":406,"column":45},"end":{"line":406,"column":null}},"108":{"start":{"line":424,"column":20},"end":{"line":424,"column":null}},"109":{"start":{"line":426,"column":22},"end":{"line":670,"column":null}},"110":{"start":{"line":427,"column":28},"end":{"line":427,"column":null}},"111":{"start":{"line":428,"column":26},"end":{"line":428,"column":null}},"112":{"start":{"line":429,"column":34},"end":{"line":429,"column":null}},"113":{"start":{"line":430,"column":28},"end":{"line":430,"column":null}},"114":{"start":{"line":431,"column":42},"end":{"line":431,"column":null}},"115":{"start":{"line":433,"column":4},"end":{"line":441,"column":null}},"116":{"start":{"line":434,"column":8},"end":{"line":434,"column":null}},"117":{"start":{"line":434,"column":31},"end":{"line":434,"column":null}},"118":{"start":{"line":436,"column":25},"end":{"line":438,"column":null}},"119":{"start":{"line":437,"column":12},"end":{"line":437,"column":null}},"120":{"start":{"line":437,"column":37},"end":{"line":437,"column":null}},"121":{"start":{"line":440,"column":8},"end":{"line":440,"column":null}},"122":{"start":{"line":440,"column":21},"end":{"line":440,"column":null}},"123":{"start":{"line":443,"column":23},"end":{"line":444,"column":null}},"124":{"start":{"line":444,"column":8},"end":{"line":444,"column":null}},"125":{"start":{"line":446,"column":22},"end":{"line":449,"column":null}},"126":{"start":{"line":447,"column":8},"end":{"line":449,"column":null}},"127":{"start":{"line":448,"column":59},"end":{"line":448,"column":null}},"128":{"start":{"line":451,"column":26},"end":{"line":465,"column":null}},"129":{"start":{"line":452,"column":8},"end":{"line":452,"column":null}},"130":{"start":{"line":454,"column":8},"end":{"line":464,"column":null}},"131":{"start":{"line":455,"column":12},"end":{"line":458,"column":null}},"132":{"start":{"line":461,"column":12},"end":{"line":461,"column":null}},"133":{"start":{"line":462,"column":12},"end":{"line":462,"column":null}},"134":{"start":{"line":463,"column":12},"end":{"line":463,"column":null}},"135":{"start":{"line":467,"column":28},"end":{"line":470,"column":null}},"136":{"start":{"line":468,"column":8},"end":{"line":468,"column":null}},"137":{"start":{"line":468,"column":29},"end":{"line":468,"column":null}},"138":{"start":{"line":469,"column":8},"end":{"line":469,"column":null}},"139":{"start":{"line":473,"column":25},"end":{"line":522,"column":null}},"140":{"start":{"line":474,"column":8},"end":{"line":474,"column":null}},"141":{"start":{"line":478,"column":8},"end":{"line":486,"column":null}},"142":{"start":{"line":480,"column":12},"end":{"line":484,"column":null}},"143":{"start":{"line":481,"column":16},"end":{"line":481,"column":null}},"144":{"start":{"line":482,"column":16},"end":{"line":482,"column":null}},"145":{"start":{"line":483,"column":16},"end":{"line":483,"column":null}},"146":{"start":{"line":485,"column":12},"end":{"line":485,"column":null}},"147":{"start":{"line":488,"column":8},"end":{"line":521,"column":null}},"148":{"start":{"line":490,"column":24},"end":{"line":498,"column":null}},"149":{"start":{"line":500,"column":12},"end":{"line":500,"column":null}},"150":{"start":{"line":501,"column":25},"end":{"line":501,"column":null}},"151":{"start":{"line":503,"column":12},"end":{"line":515,"column":null}},"152":{"start":{"line":505,"column":16},"end":{"line":505,"column":null}},"153":{"start":{"line":506,"column":16},"end":{"line":506,"column":null}},"154":{"start":{"line":507,"column":16},"end":{"line":510,"column":null}},"155":{"start":{"line":508,"column":20},"end":{"line":508,"column":null}},"156":{"start":{"line":509,"column":20},"end":{"line":509,"column":null}},"157":{"start":{"line":511,"column":16},"end":{"line":511,"column":null}},"158":{"start":{"line":512,"column":16},"end":{"line":512,"column":null}},"159":{"start":{"line":514,"column":16},"end":{"line":514,"column":37}},"160":{"start":{"line":517,"column":12},"end":{"line":517,"column":null}},"161":{"start":{"line":518,"column":12},"end":{"line":518,"column":null}},"162":{"start":{"line":520,"column":12},"end":{"line":520,"column":null}},"163":{"start":{"line":524,"column":4},"end":{"line":526,"column":null}},"164":{"start":{"line":619,"column":45},"end":{"line":619,"column":null}},"165":{"start":{"line":673,"column":19},"end":{"line":708,"column":null}},"166":{"start":{"line":674,"column":44},"end":{"line":674,"column":null}},"167":{"start":{"line":675,"column":23},"end":{"line":675,"column":null}},"168":{"start":{"line":694,"column":39},"end":{"line":694,"column":null}}},"fnMap":{"0":{"name":"(anonymous_4)","decl":{"start":{"line":16,"column":18},"end":{"line":16,"column":19}},"loc":{"start":{"line":16,"column":40},"end":{"line":20,"column":null}}},"1":{"name":"(anonymous_5)","decl":{"start":{"line":22,"column":18},"end":{"line":22,"column":19}},"loc":{"start":{"line":22,"column":19},"end":{"line":28,"column":null}}},"2":{"name":"(anonymous_6)","decl":{"start":{"line":30,"column":21},"end":{"line":30,"column":22}},"loc":{"start":{"line":30,"column":22},"end":{"line":33,"column":null}}},"3":{"name":"VoteGuardAuth","decl":{"start":{"line":37,"column":24},"end":{"line":37,"column":null}},"loc":{"start":{"line":37,"column":24},"end":{"line":148,"column":null}}},"4":{"name":"(anonymous_8)","decl":{"start":{"line":42,"column":14},"end":{"line":42,"column":null}},"loc":{"start":{"line":42,"column":14},"end":{"line":47,"column":7}}},"5":{"name":"(anonymous_9)","decl":{"start":{"line":113,"column":37},"end":{"line":113,"column":43}},"loc":{"start":{"line":113,"column":43},"end":{"line":113,"column":null}}},"6":{"name":"(anonymous_10)","decl":{"start":{"line":120,"column":37},"end":{"line":120,"column":43}},"loc":{"start":{"line":120,"column":43},"end":{"line":120,"column":null}}},"7":{"name":"(anonymous_11)","decl":{"start":{"line":134,"column":86},"end":{"line":134,"column":92}},"loc":{"start":{"line":134,"column":92},"end":{"line":134,"column":null}}},"8":{"name":"(anonymous_13)","decl":{"start":{"line":165,"column":19},"end":{"line":165,"column":20}},"loc":{"start":{"line":165,"column":30},"end":{"line":272,"column":null}}},"9":{"name":"(anonymous_14)","decl":{"start":{"line":175,"column":36},"end":{"line":175,"column":43}},"loc":{"start":{"line":175,"column":43},"end":{"line":212,"column":null}}},"10":{"name":"(anonymous_15)","decl":{"start":{"line":237,"column":34},"end":{"line":237,"column":35}},"loc":{"start":{"line":237,"column":41},"end":{"line":237,"column":null}}},"11":{"name":"(anonymous_16)","decl":{"start":{"line":245,"column":34},"end":{"line":245,"column":35}},"loc":{"start":{"line":245,"column":41},"end":{"line":245,"column":null}}},"12":{"name":"(anonymous_17)","decl":{"start":{"line":270,"column":96},"end":{"line":270,"column":102}},"loc":{"start":{"line":270,"column":102},"end":{"line":270,"column":126}}},"13":{"name":"(anonymous_18)","decl":{"start":{"line":274,"column":23},"end":{"line":274,"column":24}},"loc":{"start":{"line":274,"column":49},"end":{"line":421,"column":null}}},"14":{"name":"(anonymous_19)","decl":{"start":{"line":284,"column":25},"end":{"line":284,"column":null}},"loc":{"start":{"line":284,"column":25},"end":{"line":308,"column":null}}},"15":{"name":"(anonymous_20)","decl":{"start":{"line":311,"column":27},"end":{"line":311,"column":null}},"loc":{"start":{"line":311,"column":27},"end":{"line":343,"column":null}}},"16":{"name":"(anonymous_21)","decl":{"start":{"line":376,"column":34},"end":{"line":376,"column":35}},"loc":{"start":{"line":376,"column":41},"end":{"line":376,"column":null}}},"17":{"name":"(anonymous_22)","decl":{"start":{"line":398,"column":38},"end":{"line":398,"column":39}},"loc":{"start":{"line":398,"column":45},"end":{"line":398,"column":null}}},"18":{"name":"(anonymous_23)","decl":{"start":{"line":406,"column":38},"end":{"line":406,"column":39}},"loc":{"start":{"line":406,"column":45},"end":{"line":406,"column":null}}},"19":{"name":"(anonymous_24)","decl":{"start":{"line":426,"column":22},"end":{"line":426,"column":23}},"loc":{"start":{"line":426,"column":68},"end":{"line":670,"column":null}}},"20":{"name":"(anonymous_25)","decl":{"start":{"line":433,"column":14},"end":{"line":433,"column":null}},"loc":{"start":{"line":433,"column":14},"end":{"line":441,"column":7}}},"21":{"name":"(anonymous_26)","decl":{"start":{"line":436,"column":37},"end":{"line":436,"column":null}},"loc":{"start":{"line":436,"column":37},"end":{"line":438,"column":11}}},"22":{"name":"(anonymous_27)","decl":{"start":{"line":437,"column":27},"end":{"line":437,"column":28}},"loc":{"start":{"line":437,"column":37},"end":{"line":437,"column":null}}},"23":{"name":"(anonymous_28)","decl":{"start":{"line":440,"column":15},"end":{"line":440,"column":21}},"loc":{"start":{"line":440,"column":21},"end":{"line":440,"column":null}}},"24":{"name":"(anonymous_29)","decl":{"start":{"line":443,"column":23},"end":{"line":443,"column":24}},"loc":{"start":{"line":444,"column":8},"end":{"line":444,"column":null}}},"25":{"name":"(anonymous_30)","decl":{"start":{"line":446,"column":22},"end":{"line":446,"column":23}},"loc":{"start":{"line":447,"column":8},"end":{"line":449,"column":null}}},"26":{"name":"(anonymous_31)","decl":{"start":{"line":448,"column":43},"end":{"line":448,"column":44}},"loc":{"start":{"line":448,"column":59},"end":{"line":448,"column":null}}},"27":{"name":"(anonymous_32)","decl":{"start":{"line":451,"column":26},"end":{"line":451,"column":null}},"loc":{"start":{"line":451,"column":26},"end":{"line":465,"column":null}}},"28":{"name":"(anonymous_33)","decl":{"start":{"line":454,"column":19},"end":{"line":454,"column":null}},"loc":{"start":{"line":454,"column":19},"end":{"line":464,"column":11}}},"29":{"name":"(anonymous_34)","decl":{"start":{"line":467,"column":28},"end":{"line":467,"column":null}},"loc":{"start":{"line":467,"column":28},"end":{"line":470,"column":null}}},"30":{"name":"(anonymous_35)","decl":{"start":{"line":473,"column":25},"end":{"line":473,"column":null}},"loc":{"start":{"line":473,"column":25},"end":{"line":522,"column":null}}},"31":{"name":"(anonymous_36)","decl":{"start":{"line":480,"column":23},"end":{"line":480,"column":null}},"loc":{"start":{"line":480,"column":23},"end":{"line":484,"column":15}}},"32":{"name":"(anonymous_37)","decl":{"start":{"line":619,"column":38},"end":{"line":619,"column":39}},"loc":{"start":{"line":619,"column":45},"end":{"line":619,"column":null}}},"33":{"name":"(anonymous_38)","decl":{"start":{"line":673,"column":19},"end":{"line":673,"column":20}},"loc":{"start":{"line":673,"column":93},"end":{"line":708,"column":null}}},"34":{"name":"(anonymous_39)","decl":{"start":{"line":694,"column":33},"end":{"line":694,"column":39}},"loc":{"start":{"line":694,"column":39},"end":{"line":694,"column":null}}}},"branchMap":{"0":{"loc":{"start":{"line":13,"column":21},"end":{"line":13,"column":null}},"type":"binary-expr","locations":[{"start":{"line":13,"column":21},"end":{"line":13,"column":52}},{"start":{"line":13,"column":56},"end":{"line":13,"column":null}}]},"1":{"loc":{"start":{"line":16,"column":32},"end":{"line":16,"column":40}},"type":"default-arg","locations":[{"start":{"line":16,"column":39},"end":{"line":16,"column":40}}]},"2":{"loc":{"start":{"line":17,"column":4},"end":{"line":17,"column":null}},"type":"if","locations":[{"start":{"line":17,"column":4},"end":{"line":17,"column":null}},{"start":{},"end":{}}]},"3":{"loc":{"start":{"line":23,"column":4},"end":{"line":23,"column":null}},"type":"if","locations":[{"start":{"line":23,"column":4},"end":{"line":23,"column":null}},{"start":{},"end":{}}]},"4":{"loc":{"start":{"line":26,"column":4},"end":{"line":26,"column":null}},"type":"if","locations":[{"start":{"line":26,"column":4},"end":{"line":26,"column":null}},{"start":{},"end":{}}]},"5":{"loc":{"start":{"line":31,"column":4},"end":{"line":31,"column":null}},"type":"if","locations":[{"start":{"line":31,"column":4},"end":{"line":31,"column":null}},{"start":{},"end":{}}]},"6":{"loc":{"start":{"line":44,"column":8},"end":{"line":46,"column":null}},"type":"if","locations":[{"start":{"line":44,"column":8},"end":{"line":46,"column":null}},{"start":{},"end":{}}]},"7":{"loc":{"start":{"line":114,"column":115},"end":{"line":114,"column":null}},"type":"cond-expr","locations":[{"start":{"line":114,"column":140},"end":{"line":114,"column":177}},{"start":{"line":114,"column":177},"end":{"line":114,"column":null}}]},"8":{"loc":{"start":{"line":121,"column":115},"end":{"line":121,"column":null}},"type":"cond-expr","locations":[{"start":{"line":121,"column":142},"end":{"line":121,"column":179}},{"start":{"line":121,"column":179},"end":{"line":121,"column":null}}]},"9":{"loc":{"start":{"line":131,"column":29},"end":{"line":134,"column":63}},"type":"cond-expr","locations":[{"start":{"line":132,"column":32},"end":{"line":132,"column":57}},{"start":{"line":134,"column":32},"end":{"line":134,"column":63}}]},"10":{"loc":{"start":{"line":188,"column":12},"end":{"line":206,"column":null}},"type":"if","locations":[{"start":{"line":188,"column":12},"end":{"line":206,"column":null}},{"start":{"line":204,"column":19},"end":{"line":206,"column":null}}]},"11":{"loc":{"start":{"line":189,"column":16},"end":{"line":203,"column":null}},"type":"if","locations":[{"start":{"line":189,"column":16},"end":{"line":203,"column":null}},{"start":{"line":194,"column":23},"end":{"line":203,"column":null}}]},"12":{"loc":{"start":{"line":198,"column":20},"end":{"line":201,"column":null}},"type":"if","locations":[{"start":{"line":198,"column":20},"end":{"line":201,"column":null}},{"start":{},"end":{}}]},"13":{"loc":{"start":{"line":205,"column":25},"end":{"line":205,"column":null}},"type":"binary-expr","locations":[{"start":{"line":205,"column":25},"end":{"line":205,"column":37}},{"start":{"line":205,"column":41},"end":{"line":205,"column":null}}]},"14":{"loc":{"start":{"line":214,"column":4},"end":{"line":267,"column":null}},"type":"if","locations":[{"start":{"line":214,"column":4},"end":{"line":267,"column":null}},{"start":{},"end":{}}]},"15":{"loc":{"start":{"line":248,"column":21},"end":{"line":248,"column":30}},"type":"binary-expr","locations":[{"start":{"line":248,"column":21},"end":{"line":248,"column":30}}]},"16":{"loc":{"start":{"line":262,"column":25},"end":{"line":262,"column":null}},"type":"cond-expr","locations":[{"start":{"line":262,"column":35},"end":{"line":262,"column":null}},{"start":{"line":262,"column":74},"end":{"line":262,"column":null}}]},"17":{"loc":{"start":{"line":285,"column":8},"end":{"line":285,"column":null}},"type":"if","locations":[{"start":{"line":285,"column":8},"end":{"line":285,"column":null}},{"start":{},"end":{}}]},"18":{"loc":{"start":{"line":297,"column":12},"end":{"line":302,"column":null}},"type":"if","locations":[{"start":{"line":297,"column":12},"end":{"line":302,"column":null}},{"start":{"line":300,"column":19},"end":{"line":302,"column":null}}]},"19":{"loc":{"start":{"line":301,"column":25},"end":{"line":301,"column":null}},"type":"binary-expr","locations":[{"start":{"line":301,"column":25},"end":{"line":301,"column":37}},{"start":{"line":301,"column":41},"end":{"line":301,"column":null}}]},"20":{"loc":{"start":{"line":312,"column":8},"end":{"line":312,"column":null}},"type":"if","locations":[{"start":{"line":312,"column":8},"end":{"line":312,"column":null}},{"start":{},"end":{}}]},"21":{"loc":{"start":{"line":312,"column":12},"end":{"line":312,"column":36}},"type":"binary-expr","locations":[{"start":{"line":312,"column":12},"end":{"line":312,"column":25}},{"start":{"line":312,"column":25},"end":{"line":312,"column":36}}]},"22":{"loc":{"start":{"line":329,"column":12},"end":{"line":337,"column":null}},"type":"if","locations":[{"start":{"line":329,"column":12},"end":{"line":337,"column":null}},{"start":{"line":335,"column":19},"end":{"line":337,"column":null}}]},"23":{"loc":{"start":{"line":332,"column":16},"end":{"line":334,"column":null}},"type":"if","locations":[{"start":{"line":332,"column":16},"end":{"line":334,"column":null}},{"start":{},"end":{}}]},"24":{"loc":{"start":{"line":353,"column":61},"end":{"line":353,"column":104}},"type":"cond-expr","locations":[{"start":{"line":353,"column":73},"end":{"line":353,"column":89}},{"start":{"line":353,"column":89
[...]
s":[{"start":{"line":276,"column":33},"end":{"line":276,"column":53}},{"start":{"line":276,"column":56},"end":{"line":276,"column":null}}]},"19":{"loc":{"start":{"line":277,"column":20},"end":{"line":277,"column":null}},"type":"cond-expr","locations":[{"start":{"line":277,"column":35},"end":{"line":277,"column":57}},{"start":{"line":277,"column":60},"end":{"line":277,"column":null}}]},"20":{"loc":{"start":{"line":278,"column":14},"end":{"line":278,"column":null}},"type":"cond-expr","locations":[{"start":{"line":278,"column":29},"end":{"line":278,"column":45}},{"start":{"line":278,"column":48},"end":{"line":278,"column":null}}]},"21":{"loc":{"start":{"line":304,"column":97},"end":{"line":306,"column":null}},"type":"cond-expr","locations":[{"start":{"line":305,"column":30},"end":{"line":305,"column":null}},{"start":{"line":306,"column":30},"end":{"line":306,"column":null}}]},"22":{"loc":{"start":{"line":315,"column":33},"end":{"line":315,"column":null}},"type":"cond-expr","locations":[{"start":{"line":315,"column":48},"end":{"line":315,"column":70}},{"start":{"line":315,"column":70},"end":{"line":315,"column":null}}]},"23":{"loc":{"start":{"line":323,"column":13},"end":{"line":323,"column":null}},"type":"binary-expr","locations":[{"start":{"line":323,"column":13},"end":{"line":323,"column":null}}]},"24":{"loc":{"start":{"line":335,"column":17},"end":{"line":335,"column":null}},"type":"binary-expr","locations":[{"start":{"line":335,"column":17},"end":{"line":335,"column":null}}]},"25":{"loc":{"start":{"line":349,"column":17},"end":{"line":349,"column":null}},"type":"binary-expr","locations":[{"start":{"line":349,"column":17},"end":{"line":349,"column":null}}]},"26":{"loc":{"start":{"line":359,"column":17},"end":{"line":360,"column":null}},"type":"binary-expr","locations":[{"start":{"line":359,"column":17},"end":{"line":359,"column":null}},{"start":{"line":360,"column":20},"end":{"line":360,"column":null}}]},"27":{"loc":{"start":{"line":363,"column":17},"end":{"line":363,"column":null}},"type":"binary-expr","locations":[{"start":{"line":363,"column":17},"end":{"line":363,"column":null}}]},"28":{"loc":{"start":{"line":373,"column":17},"end":{"line":373,"column":null}},"type":"binary-expr","locations":[{"start":{"line":373,"column":17},"end":{"line":373,"column":null}}]},"29":{"loc":{"start":{"line":397,"column":84},"end":{"line":397,"column":null}},"type":"binary-expr","locations":[{"start":{"line":397,"column":84},"end":{"line":397,"column":103}},{"start":{"line":397,"column":103},"end":{"line":397,"column":null}}]},"30":{"loc":{"start":{"line":400,"column":25},"end":{"line":400,"column":null}},"type":"binary-expr","locations":[{"start":{"line":400,"column":25},"end":{"line":400,"column":51}},{"start":{"line":400,"column":51},"end":{"line":400,"column":null}}]},"31":{"loc":{"start":{"line":405,"column":51},"end":{"line":405,"column":null}},"type":"binary-expr","locations":[{"start":{"line":405,"column":51},"end":{"line":405,"column":74}},{"start":{"line":405,"column":74},"end":{"line":405,"column":null}}]},"32":{"loc":{"start":{"line":429,"column":63},"end":{"line":429,"column":119}},"type":"cond-expr","locations":[{"start":{"line":429,"column":100},"end":{"line":429,"column":107}},{"start":{"line":429,"column":107},"end":{"line":429,"column":119}}]},"33":{"loc":{"start":{"line":440,"column":28},"end":{"line":452,"column":null}},"type":"cond-expr","locations":[{"start":{"line":440,"column":28},"end":{"line":452,"column":null}}]},"34":{"loc":{"start":{"line":464,"column":34},"end":{"line":464,"column":null}},"type":"binary-expr","locations":[{"start":{"line":464,"column":34},"end":{"line":464,"column":56}},{"start":{"line":464,"column":56},"end":{"line":464,"column":null}}]},"35":{"loc":{"start":{"line":481,"column":104},"end":{"line":483,"column":null}},"type":"cond-expr","locations":[{"start":{"line":482,"column":14},"end":{"line":482,"column":null}},{"start":{"line":483,"column":14},"end":{"line":483,"column":null}}]},"36":{"loc":{"start":{"line":503,"column":25},"end":{"line":503,"column":null}},"type":"binary-expr","locations":[{"start":{"line":503,"column":25},"end":{"line":503,"column":null}}]},"37":{"loc":{"start":{"line":511,"column":25},"end":{"line":511,"column":38}},"type":"binary-expr","locations":[{"start":{"line":511,"column":25},"end":{"line":511,"column":38}}]},"38":{"loc":{"start":{"line":516,"column":25},"end":{"line":516,"column":45}},"type":"binary-expr","locations":[{"start":{"line":516,"column":25},"end":{"line":516,"column":45}}]},"39":{"loc":{"start":{"line":530,"column":25},"end":{"line":530,"column":54}},"type":"cond-expr","locations":[{"start":{"line":530,"column":38},"end":{"line":530,"column":47}},{"start":{"line":530,"column":47},"end":{"line":530,"column":54}}]},"40":{"loc":{"start":{"line":531,"column":38},"end":{"line":531,"column":65}},"type":"cond-expr","locations":[{"start":{"line":531,"column":38},"end":{"line":531,"column":65}}]},"41":{"loc":{"start":{"line":539,"column":13},"end":{"line":539,"column":null}},"type":"binary-expr","locations":[{"start":{"line":539,"column":13},"end":{"line":539,"column":null}}]},"42":{"loc":{"start":{"line":582,"column":21},"end":{"line":582,"column":null}},"type":"binary-expr","locations":[{"start":{"line":582,"column":21},"end":{"line":582,"column":42}},{"start":{"line":582,"column":42},"end":{"line":582,"column":null}}]},"43":{"loc":{"start":{"line":586,"column":67},"end":{"line":586,"column":null}},"type":"binary-expr","locations":[{"start":{"line":586,"column":67},"end":{"line":586,"column":86}},{"start":{"line":586,"column":86},"end":{"line":586,"column":null}}]},"44":{"loc":{"start":{"line":587,"column":59},"end":{"line":587,"column":null}},"type":"binary-expr","locations":[{"start":{"line":587,"column":59},"end":{"line":587,"column":79}},{"start":{"line":587,"column":79},"end":{"line":587,"column":null}}]},"45":{"loc":{"start":{"line":594,"column":59},"end":{"line":594,"column":null}},"type":"binary-expr","locations":[{"start":{"line":594,"column":59},"end":{"line":594,"column":78}},{"start":{"line":594,"column":78},"end":{"line":594,"column":null}}]},"46":{"loc":{"start":{"line":598,"column":59},"end":{"line":598,"column":null}},"type":"binary-expr","locations":[{"start":{"line":598,"column":59},"end":{"line":598,"column":85}},{"start":{"line":598,"column":85},"end":{"line":598,"column":null}}]},"47":{"loc":{"start":{"line":602,"column":59},"end":{"line":602,"column":null}},"type":"binary-expr","locations":[{"start":{"line":602,"column":59},"end":{"line":602,"column":86}},{"start":{"line":602,"column":86},"end":{"line":602,"column":null}}]},"48":{"loc":{"start":{"line":606,"column":69},"end":{"line":606,"column":null}},"type":"binary-expr","locations":[{"start":{"line":606,"column":69},"end":{"line":606,"column":88}},{"start":{"line":606,"column":88},"end":{"line":606,"column":null}}]},"49":{"loc":{"start":{"line":675,"column":8},"end":{"line":679,"column":null}},"type":"if","locations":[{"start":{"line":675,"column":8},"end":{"line":679,"column":null}},{"start":{},"end":{}}]},"50":{"loc":{"start":{"line":683,"column":8},"end":{"line":688,"column":null}},"type":"if","locations":[{"start":{"line":683,"column":8},"end":{"line":688,"column":null}},{"start":{},"end":{}}]},"51":{"loc":{"start":{"line":731,"column":54},"end":{"line":731,"column":null}},"type":"cond-expr","locations":[{"start":{"line":731,"column":70},"end":{"line":731,"column":113}},{"start":{"line":731,"column":113},"end":{"line":731,"column":null}}]},"52":{"loc":{"start":{"line":737,"column":13},"end":{"line":737,"column":null}},"type":"binary-expr","locations":[{"start":{"line":737,"column":13},"end":{"line":737,"column":null}}]},"53":{"loc":{"start":{"line":745,"column":21},"end":{"line":745,"column":42}},"type":"binary-expr","locations":[{"start":{"line":745,"column":21},"end":{"line":745,"column":42}}]},"54":{"loc":{"start":{"line":759,"column":21},"end":{"line":759,"column":43}},"type":"binary-expr","locations":[{"start":{"line":759,"column":21},"end":{"line":759,"column":43}}]},"55":{"loc":{"start":{"line":769,"column":21},"end":{"line":769,"column":42}},"type":"binary-expr","locations":[{"start":{"line":769,"column":21},"end":{"line":769,"column":42}}]},"56":{"loc":{"start":{"line":782,"column":17},"end":{"line":782,"column":null}},"type":"binary-expr","locations":[{"start":{"line":782,"column":17},"end":{"line":782,"column":null}}]},"57":{"loc":{"start":{"line":791,"column":17},"end":{"line":791,"column":null}},"type":"binary-expr","locations":[{"start":{"line":791,"column":17},"end":{"line":791,"column":null}}]},"58":{"loc":{"start":{"line":797,"column":25},"end":{"line":797,"column":null}},"type":"cond-expr","locations":[{"start":{"line":797,"column":39},"end":{"line":797,"column":51}},{"start":{"line":797,"column":51},"end":{"line":797,"column":null}}]},"59":{"loc":{"start":{"line":843,"column":70},"end":{"line":843,"column":null}},"type":"binary-expr","locations":[{"start":{"line":843,"column":70},"end":{"line":843,"column":85}},{"start":{"line":843,"column":85},"end":{"line":843,"column":null}}]},"60":{"loc":{"start":{"line":889,"column":90},"end":{"line":891,"column":null}},"type":"cond-expr","locations":[{"start":{"line":889,"column":114},"end":{"line":889,"column":null}},{"start":{"line":890,"column":12},"end":{"line":891,"column":null}}]},"61":{"loc":{"start":{"line":890,"column":12},"end":{"line":891,"column":null}},"type":"cond-expr","locations":[{"start":{"line":890,"column":34},"end":{"line":890,"column":null}},{"start":{"line":891,"column":16},"end":{"line":891,"column":null}}]},"62":{"loc":{"start":{"line":893,"column":13},"end":{"line":893,"column":38}},"type":"binary-expr","locations":[{"start":{"line":893,"column":13},"end":{"line":893,"column":38}}]},"63":{"loc":{"start":{"line":895,"column":36},"end":{"line":895,"column":95}},"type":"cond-expr","locations":[{"start":{"line":895,"column":59},"end":{"line":895,"column":78}},{"start":{"line":895,"column":78},"end":{"line":895,"column":95}}]}},"s":{"0":0,"1":0,"2":0,"3":0,"4":0,"5":0,"6":0,"7":0,"8":0,"9":0,"10":0,"11":0,"12":0,"13":0,"14":0,"15":0,"16":0,"17":0,"18":0,"19":0,"20":0,"21":0,"22":0,"23":0,"24":0,"25":0,"26":0,"27":0,"28":0,"29":0,"30":0,"31":0,"32":0,"33":0,"34":0,"35":0,"36":0,"37":0,"38":0,"39":0,"40":0,"41":0,"42":0,"43":0,"44":0,"45":0,"46":0,"47":0,"48":0,"49":0,"50":0,"51":0,"52":0,"53":0,"54":0,"55":0,"56":0,"57":0,"58":0,"59":0,"60":0,"61":0,"62":0,"63":0,"64":0,"65":0,"66":0,"67":0,"68":0,"69":0,"70":0,"71":0,"72":0,"73":0,"74":0,"75":0,"76":0,"77":0,"78":0,"79":0,"80":0,"81":0,"82":0,"83":0,"84":0,"85":0,"86":0,"87":0,"88":0,"89":0,"90":0,"91":0,"92":0,"93":0,"94":0,"95":0,"96":0,"97":0,"98":0,"99":0,"100":0,"101":0,"102":0,"103":0,"104":0,"105":0,"106":0,"107":0,"108":0,"109":0,"110":0,"111":0,"112":0,"113":0,"114":0,"115":0},"f":{"0":0,"1":0,"2":0,"3":0,"4":0,"5":0,"6":0,"7":0,"8":0,"9":0,"10":0,"11":0,"12":0,"13":0,"14":0,"15":0,"16":0,"17":0,"18":0,"19":0,"20":0,"21":0,"22":0,"23":0,"24":0,"25":0,"26":0,"27":0},"b":{"0":[0,0],"1":[0,0],"2":[0,0],"3":[0,0],"4":[0,0],"5":[0,0],"6":[0,0],"7":[0,0],"8":[0,0],"9":[0,0],"10":[0,0],"11":[0,0],"12":[0,0],"13":[0,0],"14":[0,0],"15":[0,0],"16":[0,0],"17":[0,0],"18":[0,0],"19":[0,0],"20":[0,0],"21":[0,0],"22":[0,0],"23":[0],"24":[0],"25":[0],"26":[0,0],"27":[0],"28":[0],"29":[0,0],"30":[0,0],"31":[0,0],"32":[0,0],"33":[0],"34":[0,0],"35":[0,0],"36":[0],"37":[0],"38":[0],"39":[0,0],"40":[0],"41":[0],"42":[0,0],"43":[0,0],"44":[0,0],"45":[0,0],"46":[0,0],"47":[0,0],"48":[0,0],"49":[0,0],"50":[0,0],"51":[0,0],"52":[0],"53":[0],"54":[0],"55":[0],"56":[0],"57":[0],"58":[0,0],"59":[0,0],"60":[0,0],"61":[0,0],"62":[0],"63":[0,0]}}
,"D:\\study\\SE\\deploy\\cloud-frontend\\app\\vote-history\\page.js": {"path":"D:\\study\\SE\\deploy\\cloud-frontend\\app\\vote-history\\page.js","statementMap":{"0":{"start":{"line":32,"column":24},"end":{"line":32,"column":null}},"1":{"start":{"line":3,"column":43},"end":{"line":3,"column":null}},"2":{"start":{"line":4,"column":23},"end":{"line":4,"column":null}},"3":{"start":{"line":5,"column":26},"end":{"line":5,"column":null}},"4":{"start":{"line":18,"column":7},"end":{"line":18,"column":null}},"5":{"start":{"line":21,"column":21},"end":{"line":21,"column":null}},"6":{"start":{"line":24,"column":18},"end":{"line":30,"column":null}},"7":{"start":{"line":25,"column":4},"end":{"line":25,"column":null}},"8":{"start":{"line":25,"column":41},"end":{"line":25,"column":null}},"9":{"start":{"line":26,"column":18},"end":{"line":26,"column":40}},"10":{"start":{"line":27,"column":18},"end":{"line":27,"column":null}},"11":{"start":{"line":28,"column":4},"end":{"line":28,"column":null}},"12":{"start":{"line":28,"column":28},"end":{"line":28,"column":null}},"13":{"start":{"line":29,"column":4},"end":{"line":29,"column":null}},"14":{"start":{"line":33,"column":19},"end":{"line":33,"column":null}},"15":{"start":{"line":34,"column":46},"end":{"line":34,"column":null}},"16":{"start":{"line":35,"column":34},"end":{"line":35,"column":null}},"17":{"start":{"line":36,"column":30},"end":{"line":36,"column":null}},"18":{"start":{"line":38,"column":4},"end":{"line":40,"column":null}},"19":{"start":{"line":39,"column":8},"end":{"line":39,"column":null}},"20":{"start":{"line":42,"column":31},"end":{"line":79,"column":null}},"21":{"start":{"line":43,"column":8},"end":{"line":78,"column":null}},"22":{"start":{"line":44,"column":12},"end":{"line":44,"column":null}},"23":{"start":{"line":45,"column":12},"end":{"line":45,"column":null}},"24":{"start":{"line":47,"column":26},"end":{"line":47,"column":null}},"25":{"start":{"line":48,"column":12},"end":{"line":51,"column":null}},"26":{"start":{"line":49,"column":16},"end":{"line":49,"column":null}},"27":{"start":{"line":50,"column":16},"end":{"line":50,"column":null}},"28":{"start":{"line":53,"column":29},"end":{"line":60,"column":null}},"29":{"start":{"line":62,"column":12},"end":{"line":65,"column":null}},"30":{"start":{"line":63,"column":16},"end":{"line":63,"column":null}},"31":{"start":{"line":64,"column":16},"end":{"line":64,"column":null}},"32":{"start":{"line":67,"column":12},"end":{"line":69,"column":null}},"33":{"start":{"line":68,"column":16},"end":{"line":68,"column":null}},"34":{"start":{"line":71,"column":25},"end":{"line":71,"column":null}},"35":{"start":{"line":72,"column":12},"end":{"line":72,"column":null}},"36":{"start":{"line":74,"column":12},"end":{"line":74,"column":null}},"37":{"start":{"line":75,"column":12},"end":{"line":75,"column":null}},"38":{"start":{"line":77,"column":12},"end":{"line":77,"column":null}},"39":{"start":{"line":103,"column":39},"end":{"line":103,"column":null}},"40":{"start":{"line":169,"column":36},"end":{"line":170,"column":null}},"41":{"start":{"line":242,"column":51},"end":{"line":242,"column":null}}},"fnMap":{"0":{"name":"(anonymous_4)","decl":{"start":{"line":24,"column":18},"end":{"line":24,"column":19}},"loc":{"start":{"line":24,"column":19},"end":{"line":30,"column":null}}},"1":{"name":"VoteHistoryPage","decl":{"start":{"line":32,"column":24},"end":{"line":32,"column":null}},"loc":{"start":{"line":32,"column":24},"end":{"line":277,"column":null}}},"2":{"name":"(anonymous_6)","decl":{"start":{"line":38,"column":14},"end":{"line":38,"column":null}},"loc":{"start":{"line":38,"column":14},"end":{"line":40,"column":7}}},"3":{"name":"(anonymous_7)","decl":{"start":{"line":42,"column":31},"end":{"line":42,"column":null}},"loc":{"start":{"line":42,"column":31},"end":{"line":79,"column":null}}},"4":{"name":"(anonymous_8)","decl":{"start":{"line":103,"column":33},"end":{"line":103,"column":39}},"loc":{"start":{"line":103,"column":39},"end":{"line":103,"column":null}}},"5":{"name":"(anonymous_9)","decl":{"start":{"line":168,"column":51},"end":{"line":168,"column":52}},"loc":{"start":{"line":169,"column":36},"end":{"line":170,"column":null}}},"6":{"name":"(anonymous_10)","decl":{"start":{"line":242,"column":45},"end":{"line":242,"column":51}},"loc":{"start":{"line":242,"column":51},"end":{"line":242,"column":null}}}},"branchMap":{"0":{"loc":{"start":{"line":21,"column":21},"end":{"line":21,"column":null}},"type":"binary-expr","locations":[{"start":{"line":21,"column":21},"end":{"line":21,"column":52}},{"start":{"line":21,"column":56},"end":{"line":21,"column":null}}]},"1":{"loc":{"start":{"line":25,"column":4},"end":{"line":25,"column":null}},"type":"if","locations":[{"start":{"line":25,"column":4},"end":{"line":25,"column":null}},{"start":{},"end":{}}]},"2":{"loc":{"start":{"line":28,"column":4},"end":{"line":28,"column":null}},"type":"if","locations":[{"start":{"line":28,"column":4},"end":{"line":28,"column":null}},{"start":{},"end":{}}]},"3":{"loc":{"start":{"line":47,"column":26},"end":{"line":47,"column":null}},"type":"binary-expr","locations":[{"start":{"line":47,"column":26},"end":{"line":47,"column":57}},{"start":{"line":47,"column":57},"end":{"line":47,"column":null}}]},"4":{"loc":{"start":{"line":48,"column":12},"end":{"line":51,"column":null}},"type":"if","locations":[{"start":{"line":48,"column":12},"end":{"line":51,"column":null}},{"start":{},"end":{}}]},"5":{"loc":{"start":{"line":62,"column":12},"end":{"line":65,"column":null}},"type":"if","locations":[{"start":{"line":62,"column":12},"end":{"line":65,"column":null}},{"start":{},"end":{}}]},"6":{"loc":{"start":{"line":67,"column":12},"end":{"line":69,"column":null}},"type":"if","locations":[{"start":{"line":67,"column":12},"end":{"line":69,"column":null}},{"start":{},"end":{}}]},"7":{"loc":{"start":{"line":72,"column":29},"end":{"line":72,"column":47}},"type":"binary-expr","locations":[{"start":{"line":72,"column":29},"end":{"line":72,"column":41}},{"start":{"line":72,"column":45},"end":{"line":72,"column":47}}]},"8":{"loc":{"start":{"line":131,"column":17},"end":{"line":131,"column":null}},"type":"binary-expr","locations":[{"start":{"line":131,"column":17},"end":{"line":131,"column":null}}]},"9":{"loc":{"start":{"line":139,"column":17},"end":{"line":139,"column":26}},"type":"binary-expr","locations":[{"start":{"line":139,"column":17},"end":{"line":139,"column":26}},{"start":{"line":139,"column":26},"end":{"line":139,"column":null}}]},"10":{"loc":{"start":{"line":160,"column":17},"end":{"line":160,"column":29}},"type":"binary-expr","locations":[{"start":{"line":160,"column":17},"end":{"line":160,"column":29}},{"start":{"line":160,"column":29},"end":{"line":160,"column":null}}]},"11":{"loc":{"start":{"line":167,"column":28},"end":{"line":235,"column":29}},"type":"cond-expr","locations":[{"start":{"line":167,"column":28},"end":{"line":235,"column":29}}]},"12":{"loc":{"start":{"line":191,"column":57},"end":{"line":191,"column":74}},"type":"binary-expr","locations":[{"start":{"line":191,"column":57},"end":{"line":191,"column":74}}]},"13":{"loc":{"start":{"line":213,"column":57},"end":{"line":213,"column":null}},"type":"binary-expr","locations":[{"start":{"line":213,"column":57},"end":{"line":213,"column":68}},{"start":{"line":213,"column":72},"end":{"line":213,"column":null}}]},"14":{"loc":{"start":{"line":220,"column":41},"end":{"line":220,"column":57}},"type":"binary-expr","locations":[{"start":{"line":220,"column":41},"end":{"line":220,"column":57}}]},"15":{"loc":{"start":{"line":253,"column":17},"end":{"line":253,"column":29}},"type":"binary-expr","locations":[{"start":{"line":253,"column":17},"end":{"line":253,"column":29}},{"start":{"line":253,"column":29},"end":{"line":253,"column":null}}]}},"s":{"0":0,"1":0,"2":0,"3":0,"4":0,"5":0,"6":0,"7":0,"8":0,"9":0,"10":0,"11":0,"12":0,"13":0,"14":0,"15":0,"16":0,"17":0,"18":0,"19":0,"20":0,"21":0,"22":0,"23":0,"24":0,"25":0,"26":0,"27":0,"28":0,"29":0,"30":0,"31":0,"32":0,"33":0,"34":0,"35":0,"36":0,"37":0,"38":0,"39":0,"40":0,"41":0},"f":{"0":0,"1":0,"2":0,"3":0,"4":0,"5":0,"6":0},"b":{"0":[0,0],"1":[0,0],"2":[0,0],"3":[0,0],"4":[0,0],"5":[0,0],"6":[0,0],"7":[0,0],"8":[0],"9":[0,0],"10":[0,0],"11":[0],"12":[0],"13":[0,0],"14":[0],"15":[0,0]}}
}
