TN:
SF:middleware.js
FN:3,middleware
FN:11,(anonymous_4)
FNF:2
FNH:0
FNDA:0,middleware
FNDA:0,(anonymous_4)
DA:1,0
DA:3,0
DA:4,0
DA:7,0
DA:10,0
DA:11,0
DA:14,0
DA:15,0
DA:17,0
DA:19,0
DA:20,0
DA:21,0
DA:25,0
DA:26,0
DA:27,0
DA:28,0
DA:31,0
DA:34,0
LF:18
LH:0
BRDA:17,0,0,0
BRDA:17,0,1,0
BRDA:17,1,0,0
BRDA:17,1,1,0
BRDA:25,2,0,0
BRDA:25,2,1,0
BRDA:25,3,0,0
BRDA:25,3,1,0
BRDA:25,3,2,0
BRF:9
BRH:0
end_of_record
TN:
SF:app\page.js
FN:6,Home
FN:9,(anonymous_2)
FNF:2
FNH:0
FNDA:0,Home
FNDA:0,(anonymous_2)
DA:3,0
DA:4,0
DA:6,0
DA:7,0
DA:9,0
DA:11,0
LF:6
LH:0
BRF:0
BRH:0
end_of_record
TN:
SF:app\admin\dashboard\page.js
FN:23,(anonymous_4)
FN:31,AdminDashboard
FN:40,(anonymous_6)
FN:41,(anonymous_7)
FN:89,(anonymous_8)
FN:119,(anonymous_9)
FN:122,(anonymous_10)
FN:154,(anonymous_11)
FN:202,(anonymous_12)
FN:208,(anonymous_13)
FN:214,(anonymous_14)
FN:271,(anonymous_16)
FN:275,(anonymous_17)
FN:278,(anonymous_18)
FN:286,(anonymous_19)
FN:311,(anonymous_20)
FN:340,(anonymous_21)
FN:349,(anonymous_22)
FN:357,(anonymous_23)
FN:372,(anonymous_24)
FN:384,(anonymous_25)
FN:398,(anonymous_26)
FN:406,(anonymous_27)
FN:407,(anonymous_28)
FN:419,(anonymous_29)
FN:428,(anonymous_30)
FN:436,(anonymous_31)
FN:455,(anonymous_32)
FN:484,(anonymous_33)
FN:487,(anonymous_34)
FN:505,(anonymous_35)
FN:513,(anonymous_36)
FN:522,(anonymous_37)
FN:528,(anonymous_38)
FN:539,(anonymous_39)
FN:563,(anonymous_41)
FNF:36
FNH:0
FNDA:0,(anonymous_4)
FNDA:0,AdminDashboard
FNDA:0,(anonymous_6)
FNDA:0,(anonymous_7)
FNDA:0,(anonymous_8)
FNDA:0,(anonymous_9)
FNDA:0,(anonymous_10)
FNDA:0,(anonymous_11)
FNDA:0,(anonymous_12)
FNDA:0,(anonymous_13)
FNDA:0,(anonymous_14)
FNDA:0,(anonymous_16)
FNDA:0,(anonymous_17)
FNDA:0,(anonymous_18)
FNDA:0,(anonymous_19)
FNDA:0,(anonymous_20)
FNDA:0,(anonymous_21)
FNDA:0,(anonymous_22)
FNDA:0,(anonymous_23)
FNDA:0,(anonymous_24)
FNDA:0,(anonymous_25)
FNDA:0,(anonymous_26)
FNDA:0,(anonymous_27)
FNDA:0,(anonymous_28)
FNDA:0,(anonymous_29)
FNDA:0,(anonymous_30)
FNDA:0,(anonymous_31)
FNDA:0,(anonymous_32)
FNDA:0,(anonymous_33)
FNDA:0,(anonymous_34)
FNDA:0,(anonymous_35)
FNDA:0,(anonymous_36)
FNDA:0,(anonymous_37)
FNDA:0,(anonymous_38)
FNDA:0,(anonymous_39)
FNDA:0,(anonymous_41)
DA:3,0
DA:4,0
DA:16,0
DA:17,0
DA:20,0
DA:23,0
DA:24,0
DA:25,0
DA:26,0
DA:27,0
DA:28,0
DA:31,0
DA:32,0
DA:33,0
DA:34,0
DA:35,0
DA:36,0
DA:37,0
DA:40,0
DA:41,0
DA:42,0
DA:43,0
DA:46,0
DA:47,0
DA:48,0
DA:49,0
DA:50,0
DA:51,0
DA:55,0
DA:63,0
DA:64,0
DA:65,0
DA:66,0
DA:68,0
DA:70,0
DA:71,0
DA:74,0
DA:75,0
DA:77,0
DA:78,0
DA:81,0
DA:82,0
DA:83,0
DA:85,0
DA:89,0
DA:90,0
DA:91,0
DA:92,0
DA:99,0
DA:100,0
DA:102,0
DA:104,0
DA:105,0
DA:106,0
DA:107,0
DA:111,0
DA:115,0
DA:119,0
DA:120,0
DA:122,0
DA:123,0
DA:124,0
DA:125,0
DA:126,0
DA:127,0
DA:128,0
DA:129,0
DA:130,0
DA:131,0
DA:134,0
DA:142,0
DA:143,0
DA:144,0
DA:145,0
DA:146,0
DA:147,0
DA:150,0
DA:154,0
DA:158,0
DA:171,0
DA:202,0
DA:208,0
DA:214,0
DA:271,0
DA:272,0
DA:275,0
DA:276,0
DA:277,0
DA:278,0
DA:279,0
DA:282,0
DA:286,0
DA:287,0
DA:288,0
DA:289,0
DA:291,0
DA:292,0
DA:306,0
DA:308,0
DA:309,0
DA:311,0
DA:312,0
DA:318,0
DA:319,0
DA:320,0
DA:322,0
DA:323,0
DA:340,0
DA:349,0
DA:357,0
DA:372,0
DA:384,0
DA:398,0
DA:399,0
DA:400,0
DA:401,0
DA:406,0
DA:407,0
DA:408,0
DA:409,0
DA:416,0
DA:417,0
DA:419,0
DA:420,0
DA:422,0
DA:425,0
DA:428,0
DA:429,0
DA:430,0
DA:431,0
DA:434,0
DA:436,0
DA:439,0
DA:440,0
DA:450,0
DA:452,0
DA:453,0
DA:455,0
DA:456,0
DA:461,0
DA:462,0
DA:463,0
DA:466,0
DA:467,0
DA:469,0
DA:484,0
DA:488,0
DA:505,0
DA:513,0
DA:522,0
DA:528,0
DA:539,0
DA:563,0
DA:564,0
LF:154
LH:0
BRDA:20,0,0,0
BRDA:20,0,1,0
BRDA:24,1,0,0
BRDA:24,1,1,0
BRDA:27,2,0,0
BRDA:27,2,1,0
BRDA:46,3,0,0
BRDA:46,3,1,0
BRDA:47,4,0,0
BRDA:47,4,1,0
BRDA:63,5,0,0
BRDA:63,5,1,0
BRDA:65,6,0,0
BRDA:65,6,1,0
BRDA:65,7,0,0
BRDA:65,7,1,0
BRDA:91,8,0,0
BRDA:91,8,1,0
BRDA:99,9,0,0
BRDA:99,9,1,0
BRDA:104,10,0,0
BRDA:104,10,1,0
BRDA:104,11,0,0
BRDA:104,11,1,0
BRDA:120,12,0,0
BRDA:120,12,1,0
BRDA:124,13,0,0
BRDA:124,13,1,0
BRDA:125,14,0,0
BRDA:125,14,1,0
BRDA:142,15,0,0
BRDA:142,15,1,0
BRDA:158,16,0,0
BRDA:158,16,1,0
BRDA:171,17,0,0
BRDA:171,17,1,0
BRDA:171,18,0,0
BRDA:171,18,1,0
BRDA:177,19,0,0
BRDA:177,19,1,0
BRDA:223,20,0,0
BRDA:223,20,1,0
BRDA:224,21,0,0
BRDA:224,21,1,0
BRDA:225,22,0,0
BRDA:225,22,1,0
BRDA:234,23,0,0
BRDA:235,24,0,0
BRDA:235,24,1,0
BRDA:236,25,0,0
BRDA:236,25,1,0
BRDA:249,26,0,0
BRDA:249,26,1,0
BRDA:250,27,0,0
BRDA:250,27,1,0
BRDA:251,28,0,0
BRDA:251,28,1,0
BRDA:289,29,0,0
BRDA:289,29,1,0
BRDA:308,30,0,0
BRDA:308,30,1,0
BRDA:318,31,0,0
BRDA:318,31,1,0
BRDA:319,32,0,0
BRDA:319,32,1,0
BRDA:382,33,0,0
BRDA:382,33,1,0
BRDA:391,34,0,0
BRDA:408,35,0,0
BRDA:408,35,1,0
BRDA:416,36,0,0
BRDA:416,36,1,0
BRDA:420,37,0,0
BRDA:420,37,1,0
BRDA:431,38,0,0
BRDA:431,38,1,0
BRDA:452,39,0,0
BRDA:452,39,1,0
BRDA:461,40,0,0
BRDA:461,40,1,0
BRDA:462,41,0,0
BRDA:462,41,1,0
BRDA:493,42,0,0
BRDA:545,43,0,0
BRDA:555,44,0,0
BRDA:555,44,1,0
BRF:86
BRH:0
end_of_record
TN:
SF:app\components\NetworkGuard.js
FN:31,NetworkGuard
FN:41,(anonymous_5)
FN:46,(anonymous_6)
FN:51,(anonymous_7)
FN:58,(anonymous_8)
FN:59,(anonymous_9)
FN:69,(anonymous_10)
FNF:7
FNH:6
FNDA:16,NetworkGuard
FNDA:5,(anonymous_5)
FNDA:0,(anonymous_6)
FNDA:5,(anonymous_7)
FNDA:6,(anonymous_8)
FNDA:6,(anonymous_9)
FNDA:1,(anonymous_10)
DA:27,1
DA:28,1
DA:29,1
DA:31,5
DA:32,16
DA:38,16
DA:41,16
DA:42,5
DA:45,5
DA:46,4
DA:47,0
DA:51,5
DA:52,5
DA:53,4
DA:58,16
DA:59,6
DA:60,6
DA:61,5
DA:69,16
DA:70,1
DA:71,1
DA:72,1
DA:73,1
DA:75,0
DA:77,1
DA:82,16
DA:94,6
LF:27
LH:25
BRDA:45,0,0,4
BRDA:45,0,1,1
BRDA:52,1,0,4
BRDA:52,1,1,1
BRDA:82,2,0,10
BRDA:82,2,1,6
BRDA:94,3,0,4
BRDA:94,3,1,2
BRDA:117,4,0,3
BRDA:124,5,0,1
BRDA:146,6,0,3
BRDA:146,6,1,0
BRF:12
BRH:11
end_of_record
TN:
SF:app\dashboard\page.js
FN:29,(anonymous_4)
FN:37,(anonymous_5)
FN:43,(anonymous_6)
FN:55,VoteGuardDashboard
FN:62,(anonymous_8)
FN:72,(anonymous_9)
FN:111,(anonymous_10)
FN:135,(anonymous_11)
FN:216,(anonymous_12)
FN:225,(anonymous_13)
FN:358,(anonymous_14)
FN:373,(anonymous_15)
FN:405,(anonymous_16)
FN:414,(anonymous_17)
FN:463,(anonymous_18)
FNF:15
FNH:0
FNDA:0,(anonymous_4)
FNDA:0,(anonymous_5)
FNDA:0,(anonymous_6)
FNDA:0,VoteGuardDashboard
FNDA:0,(anonymous_8)
FNDA:0,(anonymous_9)
FNDA:0,(anonymous_10)
FNDA:0,(anonymous_11)
FNDA:0,(anonymous_12)
FNDA:0,(anonymous_13)
FNDA:0,(anonymous_14)
FNDA:0,(anonymous_15)
FNDA:0,(anonymous_16)
FNDA:0,(anonymous_17)
FNDA:0,(anonymous_18)
DA:3,0
DA:4,0
DA:5,0
DA:23,0
DA:26,0
DA:29,0
DA:30,0
DA:31,0
DA:32,0
DA:33,0
DA:34,0
DA:37,0
DA:38,0
DA:39,0
DA:40,0
DA:43,0
DA:44,0
DA:45,0
DA:49,0
DA:55,0
DA:56,0
DA:57,0
DA:58,0
DA:59,0
DA:60,0
DA:62,0
DA:64,0
DA:65,0
DA:66,0
DA:67,0
DA:69,0
DA:72,0
DA:73,0
DA:74,0
DA:75,0
DA:78,0
DA:79,0
DA:88,0
DA:89,0
DA:90,0
DA:91,0
DA:92,0
DA:93,0
DA:94,0
DA:97,0
DA:98,0
DA:101,0
DA:102,0
DA:104,0
DA:105,0
DA:107,0
DA:111,0
DA:112,0
DA:114,0
DA:115,0
DA:124,0
DA:128,0
DA:129,0
DA:130,0
DA:131,0
DA:132,0
DA:135,0
DA:136,0
DA:138,0
DA:143,0
DA:155,0
DA:174,0
DA:175,0
DA:176,0
DA:216,0
DA:225,0
DA:359,0
DA:373,0
DA:405,0
DA:415,0
DA:464,0
LF:76
LH:0
BRDA:26,0,0,0
BRDA:26,0,1,0
BRDA:30,1,0,0
BRDA:30,1,1,0
BRDA:33,2,0,0
BRDA:33,2,1,0
BRDA:37,3,0,0
BRDA:38,4,0,0
BRDA:38,4,1,0
BRDA:44,5,0,0
BRDA:44,5,1,0
BRDA:64,6,0,0
BRDA:64,6,1,0
BRDA:65,7,0,0
BRDA:65,7,1,0
BRDA:78,8,0,0
BRDA:78,8,1,0
BRDA:88,9,0,0
BRDA:88,9,1,0
BRDA:97,10,0,0
BRDA:97,10,1,0
BRDA:114,11,0,0
BRDA:114,11,1,0
BRDA:136,12,0,0
BRDA:136,12,1,0
BRDA:143,13,0,0
BRDA:143,13,1,0
BRDA:155,14,0,0
BRDA:155,14,1,0
BRDA:174,15,0,0
BRDA:174,15,1,0
BRDA:176,16,0,0
BRDA:176,16,1,0
BRDA:202,17,0,0
BRDA:202,17,1,0
BRDA:209,18,0,0
BRDA:209,18,1,0
BRDA:256,19,0,0
BRDA:256,19,1,0
BRDA:256,20,0,0
BRDA:256,20,1,0
BRDA:273,21,0,0
BRDA:273,21,1,0
BRDA:284,22,0,0
BRDA:304,23,0,0
BRDA:304,23,1,0
BRDA:335,24,0,0
BRDA:335,24,1,0
BRDA:340,25,0,0
BRDA:340,25,1,0
BRDA:353,26,0,0
BRDA:353,26,1,0
BRDA:360,27,0,0
BRDA:414,28,0,0
BRDA:430,29,0,0
BRDA:430,29,1,0
BRDA:466,30,0,0
BRDA:493,31,0,0
BRDA:493,31,1,0
BRF:59
BRH:0
end_of_record
TN:
SF:app\login\page.js
FN:16,(anonymous_4)
FN:22,(anonymous_5)
FN:30,(anonymous_6)
FN:37,VoteGuardAuth
FN:42,(anonymous_8)
FN:113,(anonymous_9)
FN:120,(anonymous_10)
FN:134,(anonymous_11)
FN:165,(anonymous_13)
FN:175,(anonymous_14)
FN:237,(anonymous_15)
FN:245,(anonymous_16)
FN:270,(anonymous_17)
FN:274,(anonymous_18)
FN:284,(anonymous_19)
FN:311,(anonymous_20)
FN:376,(anonymous_21)
FN:398,(anonymous_22)
FN:406,(anonymous_23)
FN:426,(anonymous_24)
FN:433,(anonymous_25)
FN:436,(anonymous_26)
FN:437,(anonymous_27)
FN:440,(anonymous_28)
FN:443,(anonymous_29)
FN:446,(anonymous_30)
FN:448,(anonymous_31)
FN:451,(anonymous_32)
FN:454,(anonymous_33)
FN:467,(anonymous_34)
FN:473,(anonymous_35)
FN:480,(anonymous_36)
FN:619,(anonymous_37)
FN:673,(anonymous_38)
FN:694,(anonymous_39)
FNF:35
FNH:0
FNDA:0,(anonymous_4)
FNDA:0,(anonymous_5)
FNDA:0,(anonymous_6)
FNDA:0,VoteGuardAuth
FNDA:0,(anonymous_8)
FNDA:0,(anonymous_9)
FNDA:0,(anonymous_10)
FNDA:0,(anonymous_11)
FNDA:0,(anonymous_13)
FNDA:0,(anonymous_14)
FNDA:0,(anonymous_15)
FNDA:0,(anonymous_16)
FNDA:0,(anonymous_17)
FNDA:0,(anonymous_18)
FNDA:0,(anonymous_19)
FNDA:0,(anonymous_20)
FNDA:0,(anonymous_21)
FNDA:0,(anonymous_22)
FNDA:0,(anonymous_23)
FNDA:0,(anonymous_24)
FNDA:0,(anonymous_25)
FNDA:0,(anonymous_26)
FNDA:0,(anonymous_27)
FNDA:0,(anonymous_28)
FNDA:0,(anonymous_29)
FNDA:0,(anonymous_30)
FNDA:0,(anonymous_31)
FNDA:0,(anonymous_32)
FNDA:0,(anonymous_33)
FNDA:0,(anonymous_34)
FNDA:0,(anonymous_35)
FNDA:0,(anonymous_36)
FNDA:0,(anonymous_37)
FNDA:0,(anonymous_38)
FNDA:0,(anonymous_39)
DA:3,0
DA:4,0
DA:5,0
DA:10,0
DA:13,0
DA:16,0
DA:17,0
DA:18,0
DA:19,0
DA:22,0
DA:23,0
DA:24,0
DA:25,0
DA:26,0
DA:27,0
DA:30,0
DA:31,0
DA:32,0
DA:37,0
DA:38,0
DA:39,0
DA:42,0
DA:43,0
DA:44,0
DA:45,0
DA:113,0
DA:120,0
DA:134,0
DA:165,0
DA:166,0
DA:167,0
DA:168,0
DA:169,0
DA:170,0
DA:171,0
DA:172,0
DA:173,0
DA:175,0
DA:176,0
DA:177,0
DA:179,0
DA:180,0
DA:186,0
DA:188,0
DA:189,0
DA:191,0
DA:192,0
DA:193,0
DA:196,0
DA:197,0
DA:198,0
DA:199,0
DA:200,0
DA:202,0
DA:205,0
DA:208,0
DA:210,0
DA:214,0
DA:215,0
DA:237,0
DA:245,0
DA:270,0
DA:274,0
DA:275,0
DA:276,0
DA:277,0
DA:278,0
DA:279,0
DA:280,0
DA:281,0
DA:284,0
DA:285,0
DA:286,0
DA:288,0
DA:289,0
DA:295,0
DA:297,0
DA:298,0
DA:299,0
DA:301,0
DA:304,0
DA:306,0
DA:311,0
DA:312,0
DA:313,0
DA:315,0
DA:316,0
DA:327,0
DA:329,0
DA:331,0
DA:332,0
DA:333,0
DA:336,0
DA:339,0
DA:341,0
DA:376,0
DA:398,0
DA:406,0
DA:424,0
DA:426,0
DA:427,0
DA:428,0
DA:429,0
DA:430,0
DA:431,0
DA:433,0
DA:434,0
DA:436,0
DA:437,0
DA:440,0
DA:443,0
DA:444,0
DA:446,0
DA:447,0
DA:448,0
DA:451,0
DA:452,0
DA:454,0
DA:455,0
DA:461,0
DA:462,0
DA:463,0
DA:467,0
DA:468,0
DA:469,0
DA:473,0
DA:474,0
DA:478,0
DA:480,0
DA:481,0
DA:482,0
DA:483,0
DA:485,0
DA:488,0
DA:490,0
DA:500,0
DA:501,0
DA:503,0
DA:505,0
DA:506,0
DA:507,0
DA:508,0
DA:509,0
DA:511,0
DA:512,0
DA:514,0
DA:517,0
DA:518,0
DA:520,0
DA:524,0
DA:619,0
DA:673,0
DA:674,0
DA:675,0
DA:694,0
LF:155
LH:0
BRDA:13,0,0,0
BRDA:13,0,1,0
BRDA:16,1,0,0
BRDA:17,2,0,0
BRDA:17,2,1,0
BRDA:23,3,0,0
BRDA:23,3,1,0
BRDA:26,4,0,0
BRDA:26,4,1,0
BRDA:31,5,0,0
BRDA:31,5,1,0
BRDA:44,6,0,0
BRDA:44,6,1,0
BRDA:114,7,0,0
BRDA:114,7,1,0
BRDA:121,8,0,0
BRDA:121,8,1,0
BRDA:131,9,0,0
BRDA:131,9,1,0
BRDA:188,10,0,0
BRDA:188,10,1,0
BRDA:189,11,0,0
BRDA:189,11,1,0
BRDA:198,12,0,0
BRDA:198,12,1,0
BRDA:205,13,0,0
BRDA:205,13,1,0
BRDA:214,14,0,0
BRDA:214,14,1,0
BRDA:248,15,0,0
BRDA:262,16,0,0
BRDA:262,16,1,0
BRDA:285,17,0,0
BRDA:285,17,1,0
BRDA:297,18,0,0
BRDA:297,18,1,0
BRDA:301,19,0,0
BRDA:301,19,1,0
BRDA:312,20,0,0
BRDA:312,20,1,0
BRDA:312,21,0,0
BRDA:312,21,1,0
BRDA:329,22,0,0
BRDA:329,22,1,0
BRDA:332,23,0,0
BRDA:332,23,1,0
BRDA:353,24,0,0
BRDA:353,24,1,0
BRDA:354,25,0,0
BRDA:354,25,1,0
BRDA:358,26,0,0
BRDA:385,27,0,0
BRDA:385,27,1,0
BRDA:415,28,0,0
BRDA:415,28,1,0
BRDA:434,29,0,0
BRDA:434,29,1,0
BRDA:444,30,0,0
BRDA:444,30,1,0
BRDA:447,31,0,0
BRDA:447,31,1,0
BRDA:456,32,0,0
BRDA:456,32,1,0
BRDA:468,33,0,0
BRDA:468,33,1,0
BRDA:478,34,0,0
BRDA:478,34,1,0
BRDA:503,35,0,0
BRDA:503,35,1,0
BRDA:507,36,0,0
BRDA:507,36,1,0
BRDA:547,37,0,0
BRDA:547,37,1,0
BRDA:557,38,0,0
BRDA:557,38,1,0
BRDA:563,39,0,0
BRDA:563,39,1,0
BRDA:576,40,0,0
BRDA:583,41,0,0
BRDA:583,41,1,0
BRDA:589,42,0,0
BRDA:589,42,1,0
BRDA:608,43,0,0
BRDA:614,44,0,0
BRDA:614,44,1,0
BRDA:624,45,0,0
BRDA:624,45,1,0
BRDA:627,46,0,0
BRDA:627,46,1,0
BRDA:629,47,0,0
BRDA:629,47,1,0
BRDA:641,48,0,0
BRDA:641,48,1,0
BRDA:646,49,0,0
BRDA:646,49,1,0
BRDA:658,50,0,0
BRDA:658,50,1,0
BRDA:660,51,0,0
BRDA:660,51,1,0
BRDA:673,52,0,0
BRDA:680,53,0,0
BRDA:680,53,1,0
BRDA:685,54,0,0
BRDA:685,54,1,0
BRDA:685,55,0,0
BRDA:685,55,1,0
BRDA:691,56,0,0
BRDA:697,57,0,0
BRDA:701,58,0,0
BRF:109
BRH:0
end_of_record
TN:
SF:app\results\page.js
FN:17,(anonymous_4)
FN:25,ResultsPage
FN:34,(anonymous_6)
FN:44,(anonymous_7)
FN:72,(anonymous_8)
FN:85,(anonymous_9)
FN:90,(anonymous_10)
FN:100,(anonymous_11)
FN:109,(anonymous_12)
FN:110,(anonymous_13)
FN:113,(anonymous_14)
FN:115,(anonymous_15)
FN:120,(anonymous_16)
FN:150,(anonymous_17)
FN:174,(anonymous_18)
FN:177,(anonymous_19)
FN:221,(anonymous_20)
FN:230,(anonymous_21)
FN:297,(anonymous_22)
FN:298,(anonymous_23)
FN:299,(anonymous_24)
FN:302,(anonymous_25)
FN:304,(anonymous_26)
FN:313,(anonymous_27)
FN:383,(anonymous_28)
FN:384,(anonymous_29)
FN:442,(anonymous_30)
FNF:27
FNH:0
FNDA:0,(anonymous_4)
FNDA:0,ResultsPage
FNDA:0,(anonymous_6)
FNDA:0,(anonymous_7)
FNDA:0,(anonymous_8)
FNDA:0,(anonymous_9)
FNDA:0,(anonymous_10)
FNDA:0,(anonymous_11)
FNDA:0,(anonymous_12)
FNDA:0,(anonymous_13)
FNDA:0,(anonymous_14)
FNDA:0,(anonymous_15)
FNDA:0,(anonymous_16)
FNDA:0,(anonymous_17)
FNDA:0,(anonymous_18)
FNDA:0,(anonymous_19)
FNDA:0,(anonymous_20)
FNDA:0,(anonymous_21)
FNDA:0,(anonymous_22)
FNDA:0,(anonymous_23)
FNDA:0,(anonymous_24)
FNDA:0,(anonymous_25)
FNDA:0,(anonymous_26)
FNDA:0,(anonymous_27)
FNDA:0,(anonymous_28)
FNDA:0,(anonymous_29)
FNDA:0,(anonymous_30)
DA:3,0
DA:4,0
DA:5,0
DA:11,0
DA:14,0
DA:17,0
DA:18,0
DA:19,0
DA:20,0
DA:21,0
DA:22,0
DA:25,0
DA:26,0
DA:27,0
DA:28,0
DA:29,0
DA:30,0
DA:31,0
DA:32,0
DA:34,0
DA:36,0
DA:37,0
DA:38,0
DA:39,0
DA:41,0
DA:44,0
DA:45,0
DA:46,0
DA:47,0
DA:49,0
DA:50,0
DA:59,0
DA:60,0
DA:61,0
DA:64,0
DA:65,0
DA:68,0
DA:69,0
DA:72,0
DA:73,0
DA:74,0
DA:78,0
DA:79,0
DA:81,0
DA:85,0
DA:86,0
DA:87,0
DA:90,0
DA:91,0
DA:100,0
DA:101,0
DA:102,0
DA:103,0
DA:104,0
DA:105,0
DA:109,0
DA:110,0
DA:113,0
DA:114,0
DA:115,0
DA:116,0
DA:120,0
DA:121,0
DA:122,0
DA:125,0
DA:150,0
DA:175,0
DA:177,0
DA:222,0
DA:230,0
DA:297,0
DA:298,0
DA:299,0
DA:302,0
DA:303,0
DA:304,0
DA:305,0
DA:309,0
DA:310,0
DA:313,0
DA:314,0
DA:383,0
DA:385,0
DA:386,0
DA:388,0
DA:443,0
LF:86
LH:0
BRDA:14,0,0,0
BRDA:14,0,1,0
BRDA:18,1,0,0
BRDA:18,1,1,0
BRDA:21,2,0,0
BRDA:21,2,1,0
BRDA:36,3,0,0
BRDA:36,3,1,0
BRDA:37,4,0,0
BRDA:37,4,1,0
BRDA:49,5,0,0
BRDA:49,5,1,0
BRDA:59,6,0,0
BRDA:59,6,1,0
BRDA:64,7,0,0
BRDA:64,7,1,0
BRDA:69,8,0,0
BRDA:69,8,1,0
BRDA:73,9,0,0
BRDA:73,9,1,0
BRDA:87,10,0,0
BRDA:87,10,1,0
BRDA:101,11,0,0
BRDA:101,11,1,0
BRDA:101,11,2,0
BRDA:101,11,3,0
BRDA:110,12,0,0
BRDA:110,12,1,0
BRDA:114,13,0,0
BRDA:114,13,1,0
BRDA:114,14,0,0
BRDA:114,14,1,0
BRDA:116,15,0,0
BRDA:116,15,1,0
BRDA:116,16,0,0
BRDA:116,16,1,0
BRDA:121,17,0,0
BRDA:121,17,1,0
BRDA:125,18,0,0
BRDA:125,18,1,0
BRDA:178,19,0,0
BRDA:178,19,1,0
BRDA:193,20,0,0
BRDA:215,21,0,0
BRDA:215,21,1,0
BRDA:226,22,0,0
BRDA:226,22,1,0
BRDA:247,23,0,0
BRDA:247,23,1,0
BRDA:252,24,0,0
BRDA:260,25,0,0
BRDA:280,26,0,0
BRDA:299,27,0,0
BRDA:299,27,1,0
BRDA:303,28,0,0
BRDA:303,28,1,0
BRDA:303,29,0,0
BRDA:303,29,1,0
BRDA:305,30,0,0
BRDA:305,30,1,0
BRDA:305,31,0,0
BRDA:305,31,1,0
BRDA:342,32,0,0
BRDA:342,32,1,0
BRDA:361,33,0,0
BRDA:361,33,1,0
BRDA:367,34,0,0
BRDA:367,34,1,0
BRDA:385,35,0,0
BRDA:385,35,1,0
BRDA:394,36,0,0
BRDA:394,36,1,0
BRDA:401,37,0,0
BRDA:401,37,1,0
BRDA:404,38,0,0
BRDA:407,39,0,0
BRDA:430,40,0,0
BRDA:430,40,1,0
BRDA:438,41,0,0
BRDA:438,41,1,0
BRF:80
BRH:0
end_of_record
TN:
SF:app\utils\blockchain.js
FN:71,isMetaMaskInstalled
FN:79,checkNetwork
FN:112,enforceSepoliaNetwork
FN:136,connectWallet
FN:166,getConnectedWallet
FN:181,switchToSepolia
FN:212,getContractForReading
FN:232,getContractForWriting
FN:259,fetchElections
FN:265,(anonymous_28)
FN:285,fetchElection
FN:315,fetchCandidates
FN:321,(anonymous_31)
FN:341,castVote
FN:399,verifyVoteByReceipt
FN:425,getBlockchainStats
FN:448,formatAddress
FN:456,onWalletChange
FN:459,(anonymous_37)
FN:463,(anonymous_38)
FN:471,getEtherscanLink
FN:478,getAddressLink
FNF:22
FNH:5
FNDA:6,isMetaMaskInstalled
FNDA:4,checkNetwork
FNDA:0,enforceSepoliaNetwork
FNDA:0,connectWallet
FNDA:0,getConnectedWallet
FNDA:0,switchToSepolia
FNDA:0,getContractForReading
FNDA:0,getContractForWriting
FNDA:0,fetchElections
FNDA:0,(anonymous_28)
FNDA:0,fetchElection
FNDA:0,fetchCandidates
FNDA:0,(anonymous_31)
FNDA:0,castVote
FNDA:0,verifyVoteByReceipt
FNDA:0,getBlockchainStats
FNDA:4,formatAddress
FNDA:0,onWalletChange
FNDA:0,(anonymous_37)
FNDA:0,(anonymous_38)
FNDA:1,getEtherscanLink
FNDA:1,getAddressLink
DA:13,10
DA:24,10
DA:30,10
DA:47,10
DA:71,2
DA:72,6
DA:79,4
DA:80,4
DA:81,4
DA:88,0
DA:89,0
DA:90,0
DA:92,0
DA:100,0
DA:112,0
DA:113,0
DA:115,0
DA:116,0
DA:117,0
DA:121,0
DA:122,0
DA:123,0
DA:125,0
DA:129,0
DA:136,0
DA:137,0
DA:138,0
DA:141,0
DA:143,0
DA:145,0
DA:149,0
DA:150,0
DA:153,0
DA:154,0
DA:156,0
DA:157,0
DA:159,0
DA:166,0
DA:167,0
DA:168,0
DA:171,0
DA:175,0
DA:181,0
DA:182,0
DA:183,0
DA:186,0
DA:187,0
DA:193,0
DA:194,0
DA:199,0
DA:212,0
DA:213,0
DA:214,0
DA:218,0
DA:219,0
DA:223,0
DA:224,0
DA:232,0
DA:233,0
DA:234,0
DA:237,0
DA:238,0
DA:242,0
DA:245,0
DA:246,0
DA:248,0
DA:259,0
DA:260,0
DA:261,0
DA:262,0
DA:265,0
DA:276,0
DA:277,0
DA:285,0
DA:286,0
DA:287,0
DA:288,0
DA:289,0
DA:291,0
DA:292,0
DA:295,0
DA:306,0
DA:307,0
DA:315,0
DA:316,0
DA:317,0
DA:318,0
DA:319,0
DA:321,0
DA:332,0
DA:333,0
DA:341,0
DA:342,0
DA:344,0
DA:347,0
DA:348,0
DA:349,0
DA:352,0
DA:357,0
DA:367,0
DA:368,0
DA:371,0
DA:373,0
DA:374,0
DA:375,0
DA:377,0
DA:384,0
DA:387,0
DA:388,0
DA:391,0
DA:399,0
DA:400,0
DA:401,0
DA:402,0
DA:404,0
DA:405,0
DA:408,0
DA:417,0
DA:418,0
DA:425,0
DA:426,0
DA:427,0
DA:428,0
DA:430,0
DA:436,0
DA:437,0
DA:448,4
DA:449,4
DA:450,1
DA:456,0
DA:457,0
DA:459,0
DA:460,0
DA:463,0
DA:464,0
DA:471,1
DA:472,1
DA:478,1
DA:479,1
LF:139
LH:16
BRDA:24,0,0,10
BRDA:24,0,1,10
BRDA:72,1,0,6
BRDA:72,1,1,6
BRDA:80,2,0,4
BRDA:80,2,1,0
BRDA:95,3,0,0
BRDA:95,3,1,0
BRDA:115,4,0,0
BRDA:115,4,1,0
BRDA:116,5,0,0
BRDA:116,5,1,0
BRDA:137,6,0,0
BRDA:137,6,1,0
BRDA:149,7,0,0
BRDA:149,7,1,0
BRDA:156,8,0,0
BRDA:156,8,1,0
BRDA:167,9,0,0
BRDA:167,9,1,0
BRDA:175,10,0,0
BRDA:175,10,1,0
BRDA:182,11,0,0
BRDA:182,11,1,0
BRDA:193,12,0,0
BRDA:193,12,1,0
BRDA:213,13,0,0
BRDA:213,13,1,0
BRDA:219,14,0,0
BRDA:219,14,1,0
BRDA:221,15,0,0
BRDA:221,15,1,0
BRDA:233,16,0,0
BRDA:233,16,1,0
BRDA:237,17,0,0
BRDA:237,17,1,0
BRDA:291,18,0,0
BRDA:291,18,1,0
BRDA:352,19,0,0
BRDA:352,19,1,0
BRDA:387,20,0,0
BRDA:387,20,1,0
BRDA:404,21,0,0
BRDA:404,21,1,0
BRDA:449,22,0,3
BRDA:449,22,1,1
BRDA:457,23,0,0
BRDA:457,23,1,0
BRDA:460,24,0,0
BRDA:460,24,1,0
BRF:50
BRH:7
end_of_record
TN:
SF:app\utils\keyExchange.js
FN:7,(anonymous_3)
FN:16,(anonymous_4)
FN:38,(anonymous_5)
FN:49,(anonymous_6)
FN:73,(anonymous_7)
FN:91,(anonymous_8)
FNF:6
FNH:6
FNDA:22,(anonymous_3)
FNDA:4,(anonymous_4)
FNDA:3,(anonymous_5)
FNDA:2,(anonymous_6)
FNDA:1,(anonymous_7)
FNDA:1,(anonymous_8)
DA:8,22
DA:9,22
DA:17,4
DA:18,4
DA:19,3
DA:21,3
DA:22,2
DA:23,2
DA:24,2
DA:26,1
DA:29,2
DA:30,2
DA:39,3
DA:40,1
DA:42,3
DA:50,2
DA:51,2
DA:52,2
DA:54,2
DA:55,1
DA:57,1
DA:60,1
DA:61,1
DA:74,1
DA:78,1
DA:79,1
DA:85,1
DA:92,1
DA:93,1
DA:98,11
DA:99,11
DA:102,11
LF:32
LH:32
BRDA:9,0,0,22
BRDA:9,0,1,22
BRDA:21,1,0,2
BRDA:21,1,1,1
BRDA:26,2,0,1
BRDA:26,2,1,0
BRDA:39,3,0,1
BRDA:39,3,1,2
BRDA:54,4,0,1
BRDA:54,4,1,1
BRDA:57,5,0,1
BRDA:57,5,1,0
BRF:12
BRH:10
end_of_record
TN:
SF:app\verify\page.js
FN:19,(anonymous_5)
FN:27,VerificationPage
FN:42,(anonymous_7)
FN:51,(anonymous_8)
FN:81,(anonymous_9)
FN:103,(anonymous_10)
FN:105,(anonymous_11)
FN:112,(anonymous_12)
FN:129,(anonymous_13)
FN:145,(anonymous_14)
FN:217,(anonymous_15)
FN:227,(anonymous_16)
FN:250,(anonymous_17)
FN:280,(anonymous_18)
FN:300,(anonymous_19)
FN:322,(anonymous_20)
FN:352,VerificationCard
FN:392,(anonymous_22)
FNF:18
FNH:0
FNDA:0,(anonymous_5)
FNDA:0,VerificationPage
FNDA:0,(anonymous_7)
FNDA:0,(anonymous_8)
FNDA:0,(anonymous_9)
FNDA:0,(anonymous_10)
FNDA:0,(anonymous_11)
FNDA:0,(anonymous_12)
FNDA:0,(anonymous_13)
FNDA:0,(anonymous_14)
FNDA:0,(anonymous_15)
FNDA:0,(anonymous_16)
FNDA:0,(anonymous_17)
FNDA:0,(anonymous_18)
FNDA:0,(anonymous_19)
FNDA:0,(anonymous_20)
FNDA:0,VerificationCard
FNDA:0,(anonymous_22)
DA:3,0
DA:4,0
DA:5,0
DA:6,0
DA:16,0
DA:19,0
DA:20,0
DA:21,0
DA:22,0
DA:23,0
DA:24,0
DA:27,0
DA:28,0
DA:29,0
DA:30,0
DA:31,0
DA:32,0
DA:33,0
DA:36,0
DA:39,0
DA:42,0
DA:43,0
DA:51,0
DA:52,0
DA:54,0
DA:56,0
DA:57,0
DA:58,0
DA:59,0
DA:60,0
DA:64,0
DA:65,0
DA:80,0
DA:81,0
DA:82,0
DA:85,0
DA:87,0
DA:88,0
DA:89,0
DA:91,0
DA:95,0
DA:96,0
DA:98,0
DA:103,0
DA:104,0
DA:105,0
DA:106,0
DA:107,0
DA:112,0
DA:113,0
DA:115,0
DA:116,0
DA:117,0
DA:118,0
DA:119,0
DA:120,0
DA:121,0
DA:122,0
DA:123,0
DA:129,0
DA:130,0
DA:132,0
DA:134,0
DA:135,0
DA:144,0
DA:145,0
DA:146,0
DA:149,0
DA:151,0
DA:152,0
DA:154,0
DA:158,0
DA:159,0
DA:161,0
DA:217,0
DA:228,0
DA:229,0
DA:230,0
DA:251,0
DA:252,0
DA:253,0
DA:280,0
DA:300,0
DA:322,0
DA:393,0
DA:394,0
DA:395,0
DA:396,0
DA:397,0
LF:89
LH:0
BRDA:20,0,0,0
BRDA:20,0,1,0
BRDA:23,1,0,0
BRDA:23,1,1,0
BRDA:39,2,0,0
BRDA:39,2,1,0
BRDA:57,3,0,0
BRDA:57,3,1,0
BRDA:64,4,0,0
BRDA:64,4,1,0
BRDA:73,5,0,0
BRDA:73,5,1,0
BRDA:80,6,0,0
BRDA:80,6,1,0
BRDA:82,7,0,0
BRDA:82,7,1,0
BRDA:87,8,0,0
BRDA:87,8,1,0
BRDA:87,9,0,0
BRDA:87,9,1,0
BRDA:91,10,0,0
BRDA:91,10,1,0
BRDA:115,11,0,0
BRDA:115,11,1,0
BRDA:118,12,0,0
BRDA:118,12,1,0
BRDA:121,13,0,0
BRDA:121,13,1,0
BRDA:134,14,0,0
BRDA:134,14,1,0
BRDA:140,15,0,0
BRDA:140,15,1,0
BRDA:144,16,0,0
BRDA:144,16,1,0
BRDA:146,17,0,0
BRDA:146,17,1,0
BRDA:151,18,0,0
BRDA:151,18,1,0
BRDA:151,19,0,0
BRDA:151,19,1,0
BRDA:154,20,0,0
BRDA:154,20,1,0
BRDA:221,21,0,0
BRDA:220,22,0,0
BRDA:220,22,1,0
BRDA:241,23,0,0
BRDA:241,23,1,0
BRDA:248,24,0,0
BRDA:248,24,1,0
BRDA:258,25,0,0
BRDA:258,25,1,0
BRDA:283,26,0,0
BRDA:283,26,1,0
BRDA:304,27,0,0
BRDA:304,27,1,0
BRDA:304,28,0,0
BRDA:304,28,1,0
BRDA:305,29,0,0
BRDA:305,29,1,0
BRDA:305,30,0,0
BRDA:305,30,1,0
BRDA:307,31,0,0
BRDA:307,31,1,0
BRDA:322,32,0,0
BRDA:322,32,1,0
BRDA:325,33,0,0
BRDA:325,33,1,0
BRDA:331,34,0,0
BRDA:341,35,0,0
BRDA:360,36,0,0
BRDA:360,36,1,0
BRDA:360,37,0,0
BRDA:360,37,1,0
BRDA:364,38,0,0
BRDA:374,39,0,0
BRDA:374,39,1,0
BRDA:374,40,0,0
BRDA:374,40,1,0
BRDA:396,41,0,0
BRDA:396,41,1,0
BRDA:396,42,0,0
BRDA:396,42,1,0
BRDA:396,42,2,0
BRDA:396,42,3,0
BRDA:400,43,0,0
BRDA:400,43,1,0
BRDA:400,43,2,0
BRDA:403,44,0,0
BRDA:403,44,1,0
BRDA:405,45,0,0
BRDA:405,45,1,0
BRDA:405,46,0,0
BRDA:405,46,1,0
BRDA:410,47,0,0
BRDA:410,47,1,0
BRDA:412,48,0,0
BRDA:412,48,1,0
BRF:97
BRH:0
end_of_record
TN:
SF:app\verify-receipt\page.js
FN:23,VerifyReceiptPage
FN:31,(anonymous_5)
FN:80,(anonymous_6)
FN:108,(anonymous_7)
FN:147,(anonymous_8)
FN:162,(anonymous_9)
FN:197,(anonymous_10)
FN:206,(anonymous_11)
FNF:8
FNH:0
FNDA:0,VerifyReceiptPage
FNDA:0,(anonymous_5)
FNDA:0,(anonymous_6)
FNDA:0,(anonymous_7)
FNDA:0,(anonymous_8)
FNDA:0,(anonymous_9)
FNDA:0,(anonymous_10)
FNDA:0,(anonymous_11)
DA:3,0
DA:4,0
DA:5,0
DA:18,0
DA:21,0
DA:23,0
DA:24,0
DA:25,0
DA:26,0
DA:27,0
DA:28,0
DA:29,0
DA:31,0
DA:32,0
DA:33,0
DA:34,0
DA:38,0
DA:39,0
DA:40,0
DA:41,0
DA:45,0
DA:46,0
DA:47,0
DA:49,0
DA:50,0
DA:62,0
DA:64,0
DA:65,0
DA:66,0
DA:68,0
DA:69,0
DA:72,0
DA:73,0
DA:74,0
DA:76,0
DA:80,0
DA:81,0
DA:82,0
DA:83,0
DA:108,0
DA:148,0
DA:149,0
DA:150,0
DA:151,0
DA:163,0
DA:164,0
DA:165,0
DA:166,0
DA:197,0
DA:207,0
DA:208,0
DA:209,0
LF:52
LH:0
BRDA:21,0,0,0
BRDA:21,0,1,0
BRDA:32,1,0,0
BRDA:32,1,1,0
BRDA:33,2,0,0
BRDA:33,2,1,0
BRDA:38,3,0,0
BRDA:38,3,1,0
BRDA:39,4,0,0
BRDA:39,4,1,0
BRDA:58,5,0,0
BRDA:58,5,1,0
BRDA:64,6,0,0
BRDA:64,6,1,0
BRDA:64,7,0,0
BRDA:64,7,1,0
BRDA:68,8,0,0
BRDA:68,8,1,0
BRDA:153,9,0,0
BRDA:153,9,1,0
BRDA:168,10,0,0
BRDA:168,10,1,0
BRDA:183,11,0,0
BRDA:195,12,0,0
BRDA:208,13,0,0
BRDA:208,13,1,0
BRDA:217,14,0,0
BRDA:217,14,1,0
BRDA:228,15,0,0
BRDA:228,15,1,0
BRDA:232,16,0,0
BRDA:255,17,0,0
BRDA:273,18,0,0
BRDA:302,19,0,0
BRDA:312,20,0,0
BRDA:325,21,0,0
BRF:36
BRH:0
end_of_record
TN:
SF:app\verify-signature\page.js
FN:9,VerifySignaturePage
FN:19,(anonymous_2)
FN:81,(anonymous_3)
FN:95,(anonymous_4)
FN:109,(anonymous_5)
FN:124,(anonymous_6)
FN:200,(anonymous_7)
FNF:7
FNH:0
FNDA:0,VerifySignaturePage
FNDA:0,(anonymous_2)
FNDA:0,(anonymous_3)
FNDA:0,(anonymous_4)
FNDA:0,(anonymous_5)
FNDA:0,(anonymous_6)
FNDA:0,(anonymous_7)
DA:3,0
DA:4,0
DA:7,0
DA:9,0
DA:10,0
DA:16,0
DA:17,0
DA:19,0
DA:20,0
DA:21,0
DA:23,0
DA:24,0
DA:29,0
DA:30,0
DA:32,0
DA:39,0
DA:81,0
DA:95,0
DA:109,0
DA:124,0
DA:201,0
LF:21
LH:0
BRDA:7,0,0,0
BRDA:7,0,1,0
BRDA:131,1,0,0
BRDA:131,1,1,0
BRDA:134,2,0,0
BRDA:134,2,1,0
BRDA:144,3,0,0
BRDA:145,4,0,0
BRDA:145,4,1,0
BRDA:151,5,0,0
BRDA:155,6,0,0
BRDA:155,6,1,0
BRDA:162,7,0,0
BRDA:179,8,0,0
BRDA:179,8,1,0
BRDA:181,9,0,0
BRDA:181,9,1,0
BRDA:185,10,0,0
BRDA:196,11,0,0
BRDA:196,11,1,0
BRDA:207,12,0,0
BRDA:221,13,0,0
BRDA:254,14,0,0
BRDA:260,15,0,0
BRDA:278,16,0,0
BRF:25
BRH:0
end_of_record
TN:
SF:app\vote\page.js
FN:30,(anonymous_4)
FN:121,VoteGuardBallot
FN:149,(anonymous_6)
FN:150,(anonymous_7)
FN:197,(anonymous_8)
FN:198,(anonymous_9)
FN:199,(anonymous_10)
FN:208,(anonymous_11)
FN:211,(anonymous_12)
FN:217,(anonymous_13)
FN:268,(anonymous_14)
FN:344,(anonymous_15)
FN:352,(anonymous_16)
FN:354,(anonymous_17)
FN:369,(anonymous_18)
FN:422,(anonymous_20)
FN:428,(anonymous_21)
FN:429,(anonymous_22)
FN:447,(anonymous_23)
FN:524,(anonymous_25)
FN:547,(anonymous_26)
FN:671,(anonymous_29)
FN:674,(anonymous_30)
FN:678,(anonymous_31)
FN:682,(anonymous_32)
FN:801,(anonymous_33)
FN:808,(anonymous_34)
FN:872,(anonymous_36)
FNF:28
FNH:0
FNDA:0,(anonymous_4)
FNDA:0,VoteGuardBallot
FNDA:0,(anonymous_6)
FNDA:0,(anonymous_7)
FNDA:0,(anonymous_8)
FNDA:0,(anonymous_9)
FNDA:0,(anonymous_10)
FNDA:0,(anonymous_11)
FNDA:0,(anonymous_12)
FNDA:0,(anonymous_13)
FNDA:0,(anonymous_14)
FNDA:0,(anonymous_15)
FNDA:0,(anonymous_16)
FNDA:0,(anonymous_17)
FNDA:0,(anonymous_18)
FNDA:0,(anonymous_20)
FNDA:0,(anonymous_21)
FNDA:0,(anonymous_22)
FNDA:0,(anonymous_23)
FNDA:0,(anonymous_25)
FNDA:0,(anonymous_26)
FNDA:0,(anonymous_29)
FNDA:0,(anonymous_30)
FNDA:0,(anonymous_31)
FNDA:0,(anonymous_32)
FNDA:0,(anonymous_33)
FNDA:0,(anonymous_34)
FNDA:0,(anonymous_36)
DA:3,0
DA:4,0
DA:5,0
DA:27,0
DA:30,0
DA:31,0
DA:32,0
DA:33,0
DA:34,0
DA:35,0
DA:39,0
DA:46,0
DA:57,0
DA:121,0
DA:122,0
DA:123,0
DA:124,0
DA:125,0
DA:126,0
DA:127,0
DA:128,0
DA:129,0
DA:130,0
DA:133,0
DA:136,0
DA:142,0
DA:143,0
DA:146,0
DA:149,0
DA:150,0
DA:151,0
DA:153,0
DA:157,0
DA:165,0
DA:167,0
DA:168,0
DA:174,0
DA:177,0
DA:178,0
DA:179,0
DA:180,0
DA:184,0
DA:185,0
DA:188,0
DA:189,0
DA:193,0
DA:197,0
DA:198,0
DA:199,0
DA:200,0
DA:201,0
DA:202,0
DA:204,0
DA:208,0
DA:211,0
DA:212,0
DA:213,0
DA:214,0
DA:217,0
DA:218,0
DA:221,0
DA:222,0
DA:223,0
DA:228,0
DA:229,0
DA:239,0
DA:241,0
DA:242,0
DA:244,0
DA:245,0
DA:248,0
DA:249,0
DA:251,0
DA:252,0
DA:255,0
DA:256,0
DA:257,0
DA:260,0
DA:261,0
DA:262,0
DA:263,0
DA:268,0
DA:269,0
DA:270,0
DA:275,0
DA:344,0
DA:352,0
DA:354,0
DA:369,0
DA:423,0
DA:428,0
DA:429,0
DA:447,0
DA:525,0
DA:526,0
DA:548,0
DA:671,0
DA:672,0
DA:674,0
DA:675,0
DA:676,0
DA:677,0
DA:678,0
DA:682,0
DA:683,0
DA:684,0
DA:685,0
DA:686,0
DA:687,0
DA:801,0
DA:808,0
DA:872,0
LF:112
LH:0
BRDA:31,0,0,0
BRDA:31,0,1,0
BRDA:34,1,0,0
BRDA:34,1,1,0
BRDA:146,2,0,0
BRDA:146,2,1,0
BRDA:153,3,0,0
BRDA:153,3,1,0
BRDA:167,4,0,0
BRDA:167,4,1,0
BRDA:172,5,0,0
BRDA:172,5,1,0
BRDA:177,6,0,0
BRDA:177,6,1,0
BRDA:179,7,0,0
BRDA:179,7,1,0
BRDA:200,8,0,0
BRDA:200,8,1,0
BRDA:221,9,0,0
BRDA:221,9,1,0
BRDA:221,10,0,0
BRDA:221,10,1,0
BRDA:228,11,0,0
BRDA:228,11,1,0
BRDA:233,12,0,0
BRDA:233,12,1,0
BRDA:241,13,0,0
BRDA:241,13,1,0
BRDA:244,14,0,0
BRDA:244,14,1,0
BRDA:248,15,0,0
BRDA:248,15,1,0
BRDA:255,16,0,0
BRDA:255,16,1,0
BRDA:255,17,0,0
BRDA:255,17,1,0
BRDA:276,18,0,0
BRDA:276,18,1,0
BRDA:277,19,0,0
BRDA:277,19,1,0
BRDA:278,20,0,0
BRDA:278,20,1,0
BRDA:304,21,0,0
BRDA:304,21,1,0
BRDA:315,22,0,0
BRDA:315,22,1,0
BRDA:323,23,0,0
BRDA:335,24,0,0
BRDA:349,25,0,0
BRDA:359,26,0,0
BRDA:359,26,1,0
BRDA:363,27,0,0
BRDA:373,28,0,0
BRDA:397,29,0,0
BRDA:397,29,1,0
BRDA:400,30,0,0
BRDA:400,30,1,0
BRDA:405,31,0,0
BRDA:405,31,1,0
BRDA:429,32,0,0
BRDA:429,32,1,0
BRDA:440,33,0,0
BRDA:464,34,0,0
BRDA:464,34,1,0
BRDA:481,35,0,0
BRDA:481,35,1,0
BRDA:503,36,0,0
BRDA:511,37,0,0
BRDA:516,38,0,0
BRDA:530,39,0,0
BRDA:530,39,1,0
BRDA:531,40,0,0
BRDA:539,41,0,0
BRDA:582,42,0,0
BRDA:582,42,1,0
BRDA:586,43,0,0
BRDA:586,43,1,0
BRDA:587,44,0,0
BRDA:587,44,1,0
BRDA:594,45,0,0
BRDA:594,45,1,0
BRDA:598,46,0,0
BRDA:598,46,1,0
BRDA:602,47,0,0
BRDA:602,47,1,0
BRDA:606,48,0,0
BRDA:606,48,1,0
BRDA:675,49,0,0
BRDA:675,49,1,0
BRDA:683,50,0,0
BRDA:683,50,1,0
BRDA:731,51,0,0
BRDA:731,51,1,0
BRDA:737,52,0,0
BRDA:745,53,0,0
BRDA:759,54,0,0
BRDA:769,55,0,0
BRDA:782,56,0,0
BRDA:791,57,0,0
BRDA:797,58,0,0
BRDA:797,58,1,0
BRDA:843,59,0,0
BRDA:843,59,1,0
BRDA:889,60,0,0
BRDA:889,60,1,0
BRDA:890,61,0,0
BRDA:890,61,1,0
BRDA:893,62,0,0
BRDA:895,63,0,0
BRDA:895,63,1,0
BRF:110
BRH:0
end_of_record
TN:
SF:app\vote-history\page.js
FN:24,(anonymous_4)
FN:32,VoteHistoryPage
FN:38,(anonymous_6)
FN:42,(anonymous_7)
FN:103,(anonymous_8)
FN:168,(anonymous_9)
FN:242,(anonymous_10)
FNF:7
FNH:0
FNDA:0,(anonymous_4)
FNDA:0,VoteHistoryPage
FNDA:0,(anonymous_6)
FNDA:0,(anonymous_7)
FNDA:0,(anonymous_8)
FNDA:0,(anonymous_9)
FNDA:0,(anonymous_10)
DA:3,0
DA:4,0
DA:5,0
DA:18,0
DA:21,0
DA:24,0
DA:25,0
DA:26,0
DA:27,0
DA:28,0
DA:29,0
DA:32,0
DA:33,0
DA:34,0
DA:35,0
DA:36,0
DA:38,0
DA:39,0
DA:42,0
DA:43,0
DA:44,0
DA:45,0
DA:47,0
DA:48,0
DA:49,0
DA:50,0
DA:53,0
DA:62,0
DA:63,0
DA:64,0
DA:67,0
DA:68,0
DA:71,0
DA:72,0
DA:74,0
DA:75,0
DA:77,0
DA:103,0
DA:169,0
DA:242,0
LF:40
LH:0
BRDA:21,0,0,0
BRDA:21,0,1,0
BRDA:25,1,0,0
BRDA:25,1,1,0
BRDA:28,2,0,0
BRDA:28,2,1,0
BRDA:47,3,0,0
BRDA:47,3,1,0
BRDA:48,4,0,0
BRDA:48,4,1,0
BRDA:62,5,0,0
BRDA:62,5,1,0
BRDA:67,6,0,0
BRDA:67,6,1,0
BRDA:72,7,0,0
BRDA:72,7,1,0
BRDA:131,8,0,0
BRDA:139,9,0,0
BRDA:139,9,1,0
BRDA:160,10,0,0
BRDA:160,10,1,0
BRDA:167,11,0,0
BRDA:191,12,0,0
BRDA:213,13,0,0
BRDA:213,13,1,0
BRDA:220,14,0,0
BRDA:253,15,0,0
BRDA:253,15,1,0
BRF:28
BRH:0
end_of_record
